My name is TA -- Increment
We are playing Lemonade Stand
Game 1:
I am currently playing against TA -- Increment and RANDOM
TA -- Increment set up their Lemonade Stand at Location 0 17 times, Location 1 0 times, Location 2 17 times, Location 3 0 times, Location 4 17 times, Location 5 0 times, Location 6 17 times, Location 7 0 times, Location 8 16 times, Location 9 0 times, Location 10 16 times, and Location 11 0 times.
TA -- Increment got a total utility of 671 and a average utility of 6.71
Game 2:
I am currently playing against TA -- Increment and TA -- Reserve Agent
TA -- Increment set up their Lemonade Stand at Location 0 17 times, Location 1 0 times, Location 2 17 times, Location 3 0 times, Location 4 17 times, Location 5 0 times, Location 6 17 times, Location 7 0 times, Location 8 16 times, Location 9 0 times, Location 10 16 times, and Location 11 0 times.
TA -- Increment got a total utility of 1015 and a average utility of 10.15
Game 3:
I am currently playing against TA -- Increment and TA -- Reserve Agent
TA -- Increment set up their Lemonade Stand at Location 0 17 times, Location 1 0 times, Location 2 17 times, Location 3 0 times, Location 4 17 times, Location 5 0 times, Location 6 17 times, Location 7 0 times, Location 8 16 times, Location 9 0 times, Location 10 16 times, and Location 11 0 times.
TA -- Increment got a total utility of 747 and a average utility of 7.47
Game 4:
I am currently playing against TA -- Increment and TA -- Sticky Agent
TA -- Increment set up their Lemonade Stand at Location 0 17 times, Location 1 0 times, Location 2 17 times, Location 3 0 times, Location 4 17 times, Location 5 0 times, Location 6 17 times, Location 7 0 times, Location 8 16 times, Location 9 0 times, Location 10 16 times, and Location 11 0 times.
TA -- Increment got a total utility of 796 and a average utility of 7.96
Game 5:
I am currently playing against TA -- Increment and TA -- Decrementing
TA -- Increment set up their Lemonade Stand at Location 0 17 times, Location 1 0 times, Location 2 17 times, Location 3 0 times, Location 4 17 times, Location 5 0 times, Location 6 17 times, Location 7 0 times, Location 8 16 times, Location 9 0 times, Location 10 16 times, and Location 11 0 times.
TA -- Increment got a total utility of 846 and a average utility of 8.46
Game 6:
I am currently playing against TA -- Increment and TA -- Decrementing
TA -- Increment set up their Lemonade Stand at Location 0 17 times, Location 1 0 times, Location 2 17 times, Location 3 0 times, Location 4 17 times, Location 5 0 times, Location 6 17 times, Location 7 0 times, Location 8 16 times, Location 9 0 times, Location 10 16 times, and Location 11 0 times.
TA -- Increment got a total utility of 764 and a average utility of 7.64
Game 7:
I am currently playing against TA -- Increment and TA -- Sticky Agent
TA -- Increment set up their Lemonade Stand at Location 0 17 times, Location 1 0 times, Location 2 17 times, Location 3 0 times, Location 4 17 times, Location 5 0 times, Location 6 17 times, Location 7 0 times, Location 8 16 times, Location 9 0 times, Location 10 16 times, and Location 11 0 times.
TA -- Increment got a total utility of 1015 and a average utility of 10.15
Game 8:
I am currently playing against TA -- Increment and TA -- Decrementing
TA -- Increment set up their Lemonade Stand at Location 0 17 times, Location 1 0 times, Location 2 17 times, Location 3 0 times, Location 4 17 times, Location 5 0 times, Location 6 17 times, Location 7 0 times, Location 8 16 times, Location 9 0 times, Location 10 16 times, and Location 11 0 times.
TA -- Increment got a total utility of 770 and a average utility of 7.7
Game 9:
I am currently playing against TA -- Increment and TA -- Sticky Agent
TA -- Increment set up their Lemonade Stand at Location 0 17 times, Location 1 0 times, Location 2 17 times, Location 3 0 times, Location 4 17 times, Location 5 0 times, Location 6 17 times, Location 7 0 times, Location 8 16 times, Location 9 0 times, Location 10 16 times, and Location 11 0 times.
TA -- Increment got a total utility of 750 and a average utility of 7.5
Game 10:
I am currently playing against TA -- Increment and TA -- Sticky Agent
TA -- Increment set up their Lemonade Stand at Location 0 17 times, Location 1 0 times, Location 2 17 times, Location 3 0 times, Location 4 17 times, Location 5 0 times, Location 6 17 times, Location 7 0 times, Location 8 16 times, Location 9 0 times, Location 10 16 times, and Location 11 0 times.
TA -- Increment got a total utility of 866 and a average utility of 8.66
Please check in with your Lab TA for the results
