My name is AK
We are playing Lemonade Stand
Game 1:
I am currently playing against AK and TA -- Increment
AK set up their Lemonade Stand at Location 0 6 times, Location 1 10 times, Location 2 15 times, Location 3 8 times, Location 4 8 times, Location 5 10 times, Location 6 2 times, Location 7 7 times, Location 8 6 times, Location 9 11 times, Location 10 8 times, and Location 11 9 times.
AK got a total utility of 792 and a average utility of 7.92
Game 2:
I am currently playing against Max and AK
AK set up their Lemonade Stand at Location 0 9 times, Location 1 11 times, Location 2 6 times, Location 3 9 times, Location 4 6 times, Location 5 7 times, Location 6 11 times, Location 7 12 times, Location 8 10 times, Location 9 13 times, Location 10 2 times, and Location 11 4 times.
AK got a total utility of 1036 and a average utility of 10.36
Game 3:
I am currently playing against TA -- Increment and AK
AK set up their Lemonade Stand at Location 0 5 times, Location 1 8 times, Location 2 8 times, Location 3 9 times, Location 4 10 times, Location 5 12 times, Location 6 6 times, Location 7 5 times, Location 8 8 times, Location 9 6 times, Location 10 7 times, and Location 11 16 times.
AK got a total utility of 810 and a average utility of 8.1
Game 4:
I am currently playing against AK and secret_agent_man
AK set up their Lemonade Stand at Location 0 12 times, Location 1 10 times, Location 2 4 times, Location 3 4 times, Location 4 5 times, Location 5 13 times, Location 6 9 times, Location 7 16 times, Location 8 9 times, Location 9 5 times, Location 10 8 times, and Location 11 5 times.
AK got a total utility of 814 and a average utility of 8.14
Game 5:
I am currently playing against Max and AK
AK set up their Lemonade Stand at Location 0 12 times, Location 1 8 times, Location 2 11 times, Location 3 8 times, Location 4 6 times, Location 5 9 times, Location 6 8 times, Location 7 8 times, Location 8 9 times, Location 9 4 times, Location 10 6 times, and Location 11 11 times.
AK got a total utility of 655 and a average utility of 6.55
Game 6:
I am currently playing against TA -- Increment and AK
AK set up their Lemonade Stand at Location 0 9 times, Location 1 10 times, Location 2 8 times, Location 3 9 times, Location 4 7 times, Location 5 6 times, Location 6 13 times, Location 7 6 times, Location 8 8 times, Location 9 5 times, Location 10 14 times, and Location 11 5 times.
AK got a total utility of 784 and a average utility of 7.84
Traceback (most recent call last):
  File "/ifs/CS/courses/cs1440/ta/agt-server-remastered/src/agt_server/agents/test_agents/lemonade_2025/2926747/submission/my_agent.py", line 92, in <module>
    agent_submission.connect(ip=args.ip, port=args.port)
  File "/ifs/CS/courses/cs1440/ta/agt-server-remastered/.venv2/lib/python3.11/site-packages/agt_server/agents/base_agents/agent.py", line 68, in connect
    self.play()
  File "/ifs/CS/courses/cs1440/ta/agt-server-remastered/.venv2/lib/python3.11/site-packages/agt_server/agents/base_agents/lemonade_agent.py", line 77, in play
    action = self.get_action()
             ^^^^^^^^^^^^^^^^^
  File "/ifs/CS/courses/cs1440/ta/agt-server-remastered/src/agt_server/agents/test_agents/lemonade_2025/2926747/submission/my_agent.py", line 47, in get_action
    if self.Q[state][a] > bestvalue:
       ~~~~~~^^^^^^^
IndexError: list index out of range
