My name is Little Lemonade
We are playing Lemonade Stand
Game 1:
I am currently playing against TA -- Reserve Agent and Little Lemonade
Little Lemonade set up their Lemonade Stand at Location 0 0 times, Location 1 1 times, Location 2 0 times, Location 3 95 times, Location 4 1 times, Location 5 0 times, Location 6 0 times, Location 7 1 times, Location 8 0 times, Location 9 1 times, Location 10 1 times, and Location 11 0 times.
Little Lemonade got a total utility of 866 and a average utility of 8.66
Game 2:
I am currently playing against eugene and simple util learner
Little Lemonade set up their Lemonade Stand at Location 0 10 times, Location 1 3 times, Location 2 7 times, Location 3 6 times, Location 4 8 times, Location 5 7 times, Location 6 15 times, Location 7 14 times, Location 8 7 times, Location 9 6 times, Location 10 3 times, and Location 11 14 times.
Little Lemonade got a total utility of 799 and a average utility of 7.99
Game 3:
I am currently playing against Little Lemonade and kevbot
Little Lemonade set up their Lemonade Stand at Location 0 2 times, Location 1 1 times, Location 2 3 times, Location 3 3 times, Location 4 1 times, Location 5 1 times, Location 6 2 times, Location 7 1 times, Location 8 74 times, Location 9 1 times, Location 10 2 times, and Location 11 9 times.
Little Lemonade got a total utility of 809 and a average utility of 8.09
Game 4:
I am currently playing against TA -- Reserve Agent and Little Lemonade
Little Lemonade set up their Lemonade Stand at Location 0 2 times, Location 1 7 times, Location 2 7 times, Location 3 9 times, Location 4 5 times, Location 5 9 times, Location 6 11 times, Location 7 4 times, Location 8 4 times, Location 9 0 times, Location 10 39 times, and Location 11 3 times.
Little Lemonade got a total utility of 737 and a average utility of 7.37
Game 5:
I am currently playing against eugene and RANDOM
Little Lemonade set up their Lemonade Stand at Location 0 9 times, Location 1 8 times, Location 2 6 times, Location 3 4 times, Location 4 8 times, Location 5 4 times, Location 6 15 times, Location 7 5 times, Location 8 16 times, Location 9 3 times, Location 10 8 times, and Location 11 14 times.
Little Lemonade got a total utility of 849 and a average utility of 8.49
Traceback (most recent call last):
  File "/ifs/CS/courses/cs1440/ta/agt-server-remastered/src/agt_server/agents/test_agents/lemonade_2025/3271953/submission/my_agent.py", line 46, in <module>
    agent_submission.connect(ip=args.ip, port=args.port)
  File "/ifs/CS/courses/cs1440/ta/agt-server-remastered/.venv2/lib/python3.11/site-packages/agt_server/agents/base_agents/agent.py", line 68, in connect
    self.play()
  File "/ifs/CS/courses/cs1440/ta/agt-server-remastered/.venv2/lib/python3.11/site-packages/agt_server/agents/base_agents/lemonade_agent.py", line 126, in play
    self.update()
  File "/ifs/CS/courses/cs1440/ta/agt-server-remastered/src/agt_server/agents/test_agents/lemonade_2025/3271953/submission/q_learning.py", line 66, in update
    self.update_rule(my_last_util)
  File "/ifs/CS/courses/cs1440/ta/agt-server-remastered/src/agt_server/agents/test_agents/lemonade_2025/3271953/submission/q_learning.py", line 60, in update_rule
    with open(self.save_path, 'wb') as saved_q_table:
         ^^^^^^^^^^^^^^^^^^^^^^^^^^
PermissionError: [Errno 13] Permission denied: 'my-qtable.npy'
