My name is friedrice
We are playing Lemonade Stand
Game 1:
I am currently playing against friedrice and chill_guy2.1
friedrice set up their Lemonade Stand at Location 0 0 times, Location 1 30 times, Location 2 0 times, Location 3 5 times, Location 4 36 times, Location 5 1 times, Location 6 0 times, Location 7 0 times, Location 8 6 times, Location 9 1 times, Location 10 8 times, and Location 11 13 times.
friedrice got a total utility of 756 and a average utility of 7.56
Game 2:
I am currently playing against chill guy 2.0 and friedrice
friedrice set up their Lemonade Stand at Location 0 4 times, Location 1 4 times, Location 2 2 times, Location 3 18 times, Location 4 4 times, Location 5 2 times, Location 6 36 times, Location 7 5 times, Location 8 2 times, Location 9 0 times, Location 10 20 times, and Location 11 3 times.
friedrice got a total utility of 705 and a average utility of 7.05
Game 3:
I am currently playing against chill guy 2.0 and friedrice
friedrice set up their Lemonade Stand at Location 0 5 times, Location 1 4 times, Location 2 2 times, Location 3 19 times, Location 4 2 times, Location 5 0 times, Location 6 19 times, Location 7 8 times, Location 8 3 times, Location 9 11 times, Location 10 20 times, and Location 11 7 times.
friedrice got a total utility of 834 and a average utility of 8.34
Game 4:
I am currently playing against chill guy 2.0 and friedrice
friedrice set up their Lemonade Stand at Location 0 2 times, Location 1 0 times, Location 2 11 times, Location 3 12 times, Location 4 1 times, Location 5 0 times, Location 6 0 times, Location 7 12 times, Location 8 1 times, Location 9 21 times, Location 10 29 times, and Location 11 11 times.
friedrice got a total utility of 684 and a average utility of 6.84
Game 5:
I am currently playing against friedrice and Ilan
friedrice set up their Lemonade Stand at Location 0 1 times, Location 1 2 times, Location 2 1 times, Location 3 13 times, Location 4 1 times, Location 5 1 times, Location 6 1 times, Location 7 38 times, Location 8 40 times, Location 9 1 times, Location 10 1 times, and Location 11 0 times.
friedrice got a total utility of 869 and a average utility of 8.69
Game 6:
I am currently playing against friedrice and shroobie
friedrice set up their Lemonade Stand at Location 0 3 times, Location 1 6 times, Location 2 16 times, Location 3 10 times, Location 4 1 times, Location 5 3 times, Location 6 10 times, Location 7 21 times, Location 8 3 times, Location 9 16 times, Location 10 6 times, and Location 11 5 times.
friedrice got a total utility of 795 and a average utility of 7.95
Game 7:
I am currently playing against zubsmones and Mike&Jade bot
friedrice set up their Lemonade Stand at Location 0 5 times, Location 1 1 times, Location 2 0 times, Location 3 7 times, Location 4 8 times, Location 5 4 times, Location 6 12 times, Location 7 9 times, Location 8 11 times, Location 9 13 times, Location 10 7 times, and Location 11 23 times.
friedrice got a total utility of 830 and a average utility of 8.3
Game 8:
I am currently playing against friedrice and SmartyPants
friedrice set up their Lemonade Stand at Location 0 3 times, Location 1 1 times, Location 2 6 times, Location 3 5 times, Location 4 0 times, Location 5 0 times, Location 6 1 times, Location 7 36 times, Location 8 42 times, Location 9 1 times, Location 10 3 times, and Location 11 2 times.
friedrice got a total utility of 919 and a average utility of 9.19
Game 9:
I am currently playing against chill guy 2.0 and friedrice
friedrice set up their Lemonade Stand at Location 0 9 times, Location 1 10 times, Location 2 2 times, Location 3 10 times, Location 4 2 times, Location 5 1 times, Location 6 11 times, Location 7 15 times, Location 8 3 times, Location 9 14 times, Location 10 14 times, and Location 11 9 times.
friedrice got a total utility of 812 and a average utility of 8.12
Game 10:
I am currently playing against chill guy 2.0 and friedrice
friedrice set up their Lemonade Stand at Location 0 7 times, Location 1 5 times, Location 2 5 times, Location 3 8 times, Location 4 1 times, Location 5 1 times, Location 6 4 times, Location 7 14 times, Location 8 3 times, Location 9 8 times, Location 10 34 times, and Location 11 10 times.
friedrice got a total utility of 765 and a average utility of 7.65
Game 11:
I am currently playing against chill guy 2.0 and friedrice
friedrice set up their Lemonade Stand at Location 0 10 times, Location 1 10 times, Location 2 5 times, Location 3 16 times, Location 4 3 times, Location 5 5 times, Location 6 12 times, Location 7 17 times, Location 8 4 times, Location 9 6 times, Location 10 7 times, and Location 11 5 times.
friedrice got a total utility of 693 and a average utility of 6.93
Game 12:
I am currently playing against chill guy 2.0 and friedrice
friedrice set up their Lemonade Stand at Location 0 1 times, Location 1 1 times, Location 2 0 times, Location 3 20 times, Location 4 0 times, Location 5 0 times, Location 6 18 times, Location 7 21 times, Location 8 0 times, Location 9 18 times, Location 10 0 times, and Location 11 21 times.
friedrice got a total utility of 623 and a average utility of 6.23
Game 13:
I am currently playing against chill guy 2.0 and friedrice
friedrice set up their Lemonade Stand at Location 0 9 times, Location 1 5 times, Location 2 3 times, Location 3 11 times, Location 4 2 times, Location 5 1 times, Location 6 9 times, Location 7 16 times, Location 8 4 times, Location 9 14 times, Location 10 10 times, and Location 11 16 times.
friedrice got a total utility of 740 and a average utility of 7.4
Game 14:
I am currently playing against chill guy 2.0 and friedrice
friedrice set up their Lemonade Stand at Location 0 7 times, Location 1 5 times, Location 2 3 times, Location 3 14 times, Location 4 2 times, Location 5 1 times, Location 6 7 times, Location 7 17 times, Location 8 5 times, Location 9 16 times, Location 10 9 times, and Location 11 14 times.
friedrice got a total utility of 821 and a average utility of 8.21
Game 15:
I am currently playing against chill guy 2.0 and friedrice
friedrice set up their Lemonade Stand at Location 0 12 times, Location 1 13 times, Location 2 4 times, Location 3 14 times, Location 4 0 times, Location 5 2 times, Location 6 6 times, Location 7 17 times, Location 8 3 times, Location 9 16 times, Location 10 9 times, and Location 11 4 times.
friedrice got a total utility of 795 and a average utility of 7.95
Game 16:
I am currently playing against chill guy 2.0 and friedrice
friedrice set up their Lemonade Stand at Location 0 0 times, Location 1 2 times, Location 2 8 times, Location 3 8 times, Location 4 2 times, Location 5 1 times, Location 6 7 times, Location 7 23 times, Location 8 12 times, Location 9 7 times, Location 10 5 times, and Location 11 25 times.
friedrice got a total utility of 694 and a average utility of 6.94
Game 17:
I am currently playing against chill guy 2.0 and friedrice
friedrice set up their Lemonade Stand at Location 0 11 times, Location 1 9 times, Location 2 9 times, Location 3 7 times, Location 4 3 times, Location 5 5 times, Location 6 5 times, Location 7 18 times, Location 8 4 times, Location 9 6 times, Location 10 9 times, and Location 11 14 times.
friedrice got a total utility of 796 and a average utility of 7.96
Game 18:
I am currently playing against chill guy 2.0 and friedrice
friedrice set up their Lemonade Stand at Location 0 12 times, Location 1 12 times, Location 2 1 times, Location 3 11 times, Location 4 8 times, Location 5 1 times, Location 6 15 times, Location 7 14 times, Location 8 2 times, Location 9 8 times, Location 10 12 times, and Location 11 4 times.
friedrice got a total utility of 727 and a average utility of 7.27
Game 19:
I am currently playing against chill guy 2.0 and friedrice
friedrice set up their Lemonade Stand at Location 0 2 times, Location 1 10 times, Location 2 1 times, Location 3 4 times, Location 4 11 times, Location 5 2 times, Location 6 17 times, Location 7 17 times, Location 8 1 times, Location 9 10 times, Location 10 22 times, and Location 11 3 times.
friedrice got a total utility of 788 and a average utility of 7.88
Game 20:
I am currently playing against chill guy 2.0 and friedrice
friedrice set up their Lemonade Stand at Location 0 13 times, Location 1 9 times, Location 2 2 times, Location 3 13 times, Location 4 4 times, Location 5 2 times, Location 6 7 times, Location 7 18 times, Location 8 1 times, Location 9 13 times, Location 10 8 times, and Location 11 10 times.
friedrice got a total utility of 767 and a average utility of 7.67
Game 21:
I am currently playing against chill guy 2.0 and friedrice
friedrice set up their Lemonade Stand at Location 0 3 times, Location 1 1 times, Location 2 2 times, Location 3 18 times, Location 4 2 times, Location 5 1 times, Location 6 17 times, Location 7 16 times, Location 8 1 times, Location 9 18 times, Location 10 3 times, and Location 11 18 times.
friedrice got a total utility of 632 and a average utility of 6.32
Game 22:
I am currently playing against chill guy 2.0 and friedrice
friedrice set up their Lemonade Stand at Location 0 3 times, Location 1 2 times, Location 2 1 times, Location 3 14 times, Location 4 0 times, Location 5 0 times, Location 6 1 times, Location 7 4 times, Location 8 2 times, Location 9 15 times, Location 10 42 times, and Location 11 16 times.
friedrice got a total utility of 739 and a average utility of 7.39
Game 23:
I am currently playing against chill guy 2.0 and friedrice
friedrice set up their Lemonade Stand at Location 0 2 times, Location 1 1 times, Location 2 6 times, Location 3 12 times, Location 4 1 times, Location 5 0 times, Location 6 7 times, Location 7 16 times, Location 8 8 times, Location 9 17 times, Location 10 15 times, and Location 11 15 times.
friedrice got a total utility of 769 and a average utility of 7.69
Game 24:
I am currently playing against chill guy 2.0 and friedrice
friedrice set up their Lemonade Stand at Location 0 8 times, Location 1 7 times, Location 2 5 times, Location 3 9 times, Location 4 5 times, Location 5 3 times, Location 6 4 times, Location 7 18 times, Location 8 6 times, Location 9 11 times, Location 10 10 times, and Location 11 14 times.
friedrice got a total utility of 857 and a average utility of 8.57
Game 25:
I am currently playing against chill guy 2.0 and friedrice
friedrice set up their Lemonade Stand at Location 0 26 times, Location 1 1 times, Location 2 23 times, Location 3 1 times, Location 4 0 times, Location 5 0 times, Location 6 0 times, Location 7 26 times, Location 8 0 times, Location 9 0 times, Location 10 0 times, and Location 11 23 times.
friedrice got a total utility of 646 and a average utility of 6.46
Game 26:
I am currently playing against chill guy 2.0 and friedrice
friedrice set up their Lemonade Stand at Location 0 1 times, Location 1 2 times, Location 2 0 times, Location 3 46 times, Location 4 1 times, Location 5 0 times, Location 6 1 times, Location 7 2 times, Location 8 0 times, Location 9 2 times, Location 10 45 times, and Location 11 0 times.
friedrice got a total utility of 804 and a average utility of 8.04
Game 27:
I am currently playing against chill guy 2.0 and friedrice
friedrice set up their Lemonade Stand at Location 0 4 times, Location 1 5 times, Location 2 5 times, Location 3 11 times, Location 4 2 times, Location 5 3 times, Location 6 9 times, Location 7 14 times, Location 8 2 times, Location 9 14 times, Location 10 17 times, and Location 11 14 times.
friedrice got a total utility of 724 and a average utility of 7.24
Game 28:
I am currently playing against zubsmones and kevbot
friedrice set up their Lemonade Stand at Location 0 24 times, Location 1 7 times, Location 2 0 times, Location 3 10 times, Location 4 5 times, Location 5 1 times, Location 6 6 times, Location 7 16 times, Location 8 10 times, Location 9 13 times, Location 10 5 times, and Location 11 3 times.
friedrice got a total utility of 830 and a average utility of 8.3
Game 29:
I am currently playing against agent agent and Mike&Jade bot
friedrice set up their Lemonade Stand at Location 0 7 times, Location 1 3 times, Location 2 0 times, Location 3 8 times, Location 4 0 times, Location 5 5 times, Location 6 16 times, Location 7 11 times, Location 8 2 times, Location 9 15 times, Location 10 22 times, and Location 11 11 times.
friedrice got a total utility of 785 and a average utility of 7.85
Game 30:
I am currently playing against agent agent and zubsmones
friedrice set up their Lemonade Stand at Location 0 5 times, Location 1 8 times, Location 2 5 times, Location 3 7 times, Location 4 3 times, Location 5 6 times, Location 6 10 times, Location 7 16 times, Location 8 8 times, Location 9 7 times, Location 10 15 times, and Location 11 10 times.
friedrice got a total utility of 823 and a average utility of 8.23
Game 31:
I am currently playing against agent agent and KPAgent
friedrice set up their Lemonade Stand at Location 0 7 times, Location 1 7 times, Location 2 8 times, Location 3 8 times, Location 4 7 times, Location 5 2 times, Location 6 12 times, Location 7 8 times, Location 8 4 times, Location 9 14 times, Location 10 14 times, and Location 11 9 times.
friedrice got a total utility of 797 and a average utility of 7.97
Game 32:
I am currently playing against friedrice and random
friedrice set up their Lemonade Stand at Location 0 0 times, Location 1 0 times, Location 2 0 times, Location 3 0 times, Location 4 1 times, Location 5 0 times, Location 6 98 times, Location 7 1 times, Location 8 0 times, Location 9 0 times, Location 10 0 times, and Location 11 0 times.
friedrice got a total utility of 885 and a average utility of 8.85
Game 33:
I am currently playing against friedrice and shroobie
friedrice set up their Lemonade Stand at Location 0 13 times, Location 1 1 times, Location 2 0 times, Location 3 16 times, Location 4 13 times, Location 5 3 times, Location 6 12 times, Location 7 8 times, Location 8 5 times, Location 9 8 times, Location 10 15 times, and Location 11 6 times.
friedrice got a total utility of 740 and a average utility of 7.4
Game 34:
I am currently playing against friedrice and SmartyPants
friedrice set up their Lemonade Stand at Location 0 0 times, Location 1 1 times, Location 2 0 times, Location 3 0 times, Location 4 1 times, Location 5 0 times, Location 6 0 times, Location 7 48 times, Location 8 48 times, Location 9 1 times, Location 10 1 times, and Location 11 0 times.
friedrice got a total utility of 803 and a average utility of 8.03
Game 35:
I am currently playing against chill_guy2.1 and friedrice
friedrice set up their Lemonade Stand at Location 0 0 times, Location 1 3 times, Location 2 0 times, Location 3 3 times, Location 4 0 times, Location 5 0 times, Location 6 1 times, Location 7 2 times, Location 8 0 times, Location 9 1 times, Location 10 2 times, and Location 11 88 times.
friedrice got a total utility of 588 and a average utility of 5.88
Game 36:
I am currently playing against chill_guy2.1 and friedrice
friedrice set up their Lemonade Stand at Location 0 31 times, Location 1 1 times, Location 2 14 times, Location 3 9 times, Location 4 8 times, Location 5 1 times, Location 6 4 times, Location 7 9 times, Location 8 2 times, Location 9 5 times, Location 10 7 times, and Location 11 9 times.
friedrice got a total utility of 754 and a average utility of 7.54
Game 37:
I am currently playing against chill_guy2.1 and friedrice
friedrice set up their Lemonade Stand at Location 0 19 times, Location 1 4 times, Location 2 15 times, Location 3 10 times, Location 4 2 times, Location 5 1 times, Location 6 16 times, Location 7 17 times, Location 8 0 times, Location 9 5 times, Location 10 8 times, and Location 11 3 times.
friedrice got a total utility of 809 and a average utility of 8.09
Game 38:
I am currently playing against chill_guy2.1 and friedrice
friedrice set up their Lemonade Stand at Location 0 14 times, Location 1 9 times, Location 2 7 times, Location 3 10 times, Location 4 4 times, Location 5 0 times, Location 6 6 times, Location 7 19 times, Location 8 3 times, Location 9 8 times, Location 10 8 times, and Location 11 12 times.
friedrice got a total utility of 739 and a average utility of 7.39
Game 39:
I am currently playing against chill_guy2.1 and friedrice
friedrice set up their Lemonade Stand at Location 0 3 times, Location 1 4 times, Location 2 0 times, Location 3 5 times, Location 4 0 times, Location 5 0 times, Location 6 1 times, Location 7 6 times, Location 8 1 times, Location 9 2 times, Location 10 3 times, and Location 11 75 times.
friedrice got a total utility of 1009 and a average utility of 10.09
Game 40:
I am currently playing against chill_guy2.1 and friedrice
friedrice set up their Lemonade Stand at Location 0 63 times, Location 1 1 times, Location 2 4 times, Location 3 2 times, Location 4 1 times, Location 5 1 times, Location 6 4 times, Location 7 8 times, Location 8 1 times, Location 9 5 times, Location 10 3 times, and Location 11 7 times.
friedrice got a total utility of 698 and a average utility of 6.98
Game 41:
I am currently playing against chill_guy2.1 and friedrice
friedrice set up their Lemonade Stand at Location 0 3 times, Location 1 2 times, Location 2 1 times, Location 3 18 times, Location 4 0 times, Location 5 0 times, Location 6 4 times, Location 7 21 times, Location 8 0 times, Location 9 2 times, Location 10 2 times, and Location 11 47 times.
friedrice got a total utility of 631 and a average utility of 6.31
Game 42:
I am currently playing against chill_guy2.1 and friedrice
friedrice set up their Lemonade Stand at Location 0 6 times, Location 1 4 times, Location 2 17 times, Location 3 11 times, Location 4 8 times, Location 5 5 times, Location 6 9 times, Location 7 13 times, Location 8 6 times, Location 9 9 times, Location 10 3 times, and Location 11 9 times.
friedrice got a total utility of 678 and a average utility of 6.78
Game 43:
I am currently playing against chill_guy2.1 and friedrice
friedrice set up their Lemonade Stand at Location 0 1 times, Location 1 0 times, Location 2 0 times, Location 3 0 times, Location 4 1 times, Location 5 1 times, Location 6 0 times, Location 7 1 times, Location 8 0 times, Location 9 1 times, Location 10 1 times, and Location 11 94 times.
friedrice got a total utility of 398 and a average utility of 3.98
Game 44:
I am currently playing against chill_guy2.1 and friedrice
friedrice set up their Lemonade Stand at Location 0 9 times, Location 1 6 times, Location 2 5 times, Location 3 12 times, Location 4 6 times, Location 5 0 times, Location 6 2 times, Location 7 16 times, Location 8 3 times, Location 9 7 times, Location 10 8 times, and Location 11 26 times.
friedrice got a total utility of 749 and a average utility of 7.49
Game 45:
I am currently playing against chill_guy2.1 and friedrice
friedrice set up their Lemonade Stand at Location 0 13 times, Location 1 13 times, Location 2 10 times, Location 3 12 times, Location 4 3 times, Location 5 2 times, Location 6 5 times, Location 7 19 times, Location 8 5 times, Location 9 6 times, Location 10 2 times, and Location 11 10 times.
friedrice got a total utility of 787 and a average utility of 7.87
Game 46:
I am currently playing against chill_guy2.1 and friedrice
friedrice set up their Lemonade Stand at Location 0 10 times, Location 1 5 times, Location 2 14 times, Location 3 14 times, Location 4 6 times, Location 5 1 times, Location 6 11 times, Location 7 20 times, Location 8 3 times, Location 9 8 times, Location 10 4 times, and Location 11 4 times.
friedrice got a total utility of 677 and a average utility of 6.77
Game 47:
I am currently playing against chill_guy2.1 and friedrice
friedrice set up their Lemonade Stand at Location 0 2 times, Location 1 2 times, Location 2 2 times, Location 3 1 times, Location 4 2 times, Location 5 2 times, Location 6 1 times, Location 7 3 times, Location 8 1 times, Location 9 4 times, Location 10 0 times, and Location 11 80 times.
friedrice got a total utility of 695 and a average utility of 6.95
Game 48:
I am currently playing against chill_guy2.1 and friedrice
friedrice set up their Lemonade Stand at Location 0 13 times, Location 1 3 times, Location 2 15 times, Location 3 11 times, Location 4 8 times, Location 5 1 times, Location 6 3 times, Location 7 18 times, Location 8 3 times, Location 9 3 times, Location 10 4 times, and Location 11 18 times.
friedrice got a total utility of 798 and a average utility of 7.98
Game 49:
I am currently playing against chill_guy2.1 and friedrice
friedrice set up their Lemonade Stand at Location 0 1 times, Location 1 1 times, Location 2 4 times, Location 3 2 times, Location 4 1 times, Location 5 0 times, Location 6 3 times, Location 7 3 times, Location 8 2 times, Location 9 2 times, Location 10 0 times, and Location 11 81 times.
friedrice got a total utility of 618 and a average utility of 6.18
Game 50:
I am currently playing against chill_guy2.1 and friedrice
friedrice set up their Lemonade Stand at Location 0 6 times, Location 1 3 times, Location 2 15 times, Location 3 14 times, Location 4 6 times, Location 5 3 times, Location 6 12 times, Location 7 14 times, Location 8 4 times, Location 9 8 times, Location 10 4 times, and Location 11 11 times.
friedrice got a total utility of 808 and a average utility of 8.08
Game 51:
I am currently playing against chill_guy2.1 and friedrice
friedrice set up their Lemonade Stand at Location 0 15 times, Location 1 2 times, Location 2 6 times, Location 3 9 times, Location 4 5 times, Location 5 0 times, Location 6 5 times, Location 7 10 times, Location 8 3 times, Location 9 3 times, Location 10 15 times, and Location 11 27 times.
friedrice got a total utility of 1025 and a average utility of 10.25
Game 52:
I am currently playing against chill_guy2.1 and friedrice
friedrice set up their Lemonade Stand at Location 0 17 times, Location 1 2 times, Location 2 11 times, Location 3 8 times, Location 4 3 times, Location 5 3 times, Location 6 10 times, Location 7 9 times, Location 8 3 times, Location 9 15 times, Location 10 3 times, and Location 11 16 times.
friedrice got a total utility of 741 and a average utility of 7.41
Game 53:
I am currently playing against chill_guy2.1 and friedrice
friedrice set up their Lemonade Stand at Location 0 8 times, Location 1 9 times, Location 2 10 times, Location 3 7 times, Location 4 3 times, Location 5 1 times, Location 6 15 times, Location 7 18 times, Location 8 0 times, Location 9 13 times, Location 10 7 times, and Location 11 9 times.
friedrice got a total utility of 822 and a average utility of 8.22
Game 54:
I am currently playing against chill_guy2.1 and friedrice
friedrice set up their Lemonade Stand at Location 0 7 times, Location 1 7 times, Location 2 0 times, Location 3 8 times, Location 4 5 times, Location 5 1 times, Location 6 12 times, Location 7 8 times, Location 8 5 times, Location 9 14 times, Location 10 24 times, and Location 11 9 times.
friedrice got a total utility of 801 and a average utility of 8.01
Game 55:
I am currently playing against SmartyPants and friedrice
friedrice set up their Lemonade Stand at Location 0 5 times, Location 1 15 times, Location 2 5 times, Location 3 26 times, Location 4 9 times, Location 5 0 times, Location 6 4 times, Location 7 12 times, Location 8 2 times, Location 9 8 times, Location 10 14 times, and Location 11 0 times.
friedrice got a total utility of 836 and a average utility of 8.36
Game 56:
I am currently playing against zubsmones and TA -- Reserve Agent
friedrice set up their Lemonade Stand at Location 0 1 times, Location 1 10 times, Location 2 3 times, Location 3 0 times, Location 4 0 times, Location 5 0 times, Location 6 3 times, Location 7 3 times, Location 8 1 times, Location 9 1 times, Location 10 31 times, and Location 11 47 times.
friedrice got a total utility of 826 and a average utility of 8.26
Game 57:
I am currently playing against zubsmones and KPAgent
friedrice set up their Lemonade Stand at Location 0 14 times, Location 1 4 times, Location 2 2 times, Location 3 10 times, Location 4 2 times, Location 5 2 times, Location 6 20 times, Location 7 12 times, Location 8 3 times, Location 9 7 times, Location 10 15 times, and Location 11 9 times.
friedrice got a total utility of 799 and a average utility of 7.99
Game 58:
I am currently playing against friedrice and random
friedrice set up their Lemonade Stand at Location 0 0 times, Location 1 0 times, Location 2 0 times, Location 3 0 times, Location 4 0 times, Location 5 0 times, Location 6 99 times, Location 7 1 times, Location 8 0 times, Location 9 0 times, Location 10 0 times, and Location 11 0 times.
friedrice got a total utility of 1096 and a average utility of 10.96
Game 59:
I am currently playing against friedrice and shroobie
friedrice set up their Lemonade Stand at Location 0 12 times, Location 1 7 times, Location 2 3 times, Location 3 10 times, Location 4 6 times, Location 5 6 times, Location 6 12 times, Location 7 8 times, Location 8 7 times, Location 9 6 times, Location 10 13 times, and Location 11 10 times.
friedrice got a total utility of 827 and a average utility of 8.27
Game 60:
I am currently playing against chill_guy2.1 and friedrice
friedrice set up their Lemonade Stand at Location 0 25 times, Location 1 2 times, Location 2 1 times, Location 3 4 times, Location 4 1 times, Location 5 3 times, Location 6 4 times, Location 7 2 times, Location 8 2 times, Location 9 5 times, Location 10 47 times, and Location 11 4 times.
friedrice got a total utility of 818 and a average utility of 8.18
Game 61:
I am currently playing against chill_guy2.1 and friedrice
friedrice set up their Lemonade Stand at Location 0 11 times, Location 1 6 times, Location 2 4 times, Location 3 7 times, Location 4 7 times, Location 5 3 times, Location 6 4 times, Location 7 12 times, Location 8 2 times, Location 9 10 times, Location 10 26 times, and Location 11 8 times.
friedrice got a total utility of 880 and a average utility of 8.8
Game 62:
I am currently playing against SmartyPants and friedrice
friedrice set up their Lemonade Stand at Location 0 8 times, Location 1 4 times, Location 2 59 times, Location 3 7 times, Location 4 2 times, Location 5 0 times, Location 6 2 times, Location 7 8 times, Location 8 2 times, Location 9 2 times, Location 10 4 times, and Location 11 2 times.
friedrice got a total utility of 806 and a average utility of 8.06
Game 63:
I am currently playing against SmartyPants and friedrice
friedrice set up their Lemonade Stand at Location 0 0 times, Location 1 1 times, Location 2 92 times, Location 3 2 times, Location 4 1 times, Location 5 0 times, Location 6 1 times, Location 7 2 times, Location 8 0 times, Location 9 0 times, Location 10 1 times, and Location 11 0 times.
friedrice got a total utility of 809 and a average utility of 8.09
Game 64:
I am currently playing against SmartyPants and friedrice
friedrice set up their Lemonade Stand at Location 0 6 times, Location 1 5 times, Location 2 47 times, Location 3 15 times, Location 4 5 times, Location 5 0 times, Location 6 5 times, Location 7 11 times, Location 8 1 times, Location 9 3 times, Location 10 0 times, and Location 11 2 times.
friedrice got a total utility of 734 and a average utility of 7.34
Game 65:
I am currently playing against SmartyPants and friedrice
friedrice set up their Lemonade Stand at Location 0 1 times, Location 1 6 times, Location 2 26 times, Location 3 16 times, Location 4 7 times, Location 5 0 times, Location 6 9 times, Location 7 16 times, Location 8 0 times, Location 9 4 times, Location 10 1 times, and Location 11 14 times.
friedrice got a total utility of 662 and a average utility of 6.62
Game 66:
I am currently playing against SmartyPants and friedrice
friedrice set up their Lemonade Stand at Location 0 11 times, Location 1 0 times, Location 2 1 times, Location 3 10 times, Location 4 10 times, Location 5 0 times, Location 6 0 times, Location 7 10 times, Location 8 10 times, Location 9 10 times, Location 10 20 times, and Location 11 18 times.
friedrice got a total utility of 853 and a average utility of 8.53
Game 67:
I am currently playing against SmartyPants and friedrice
friedrice set up their Lemonade Stand at Location 0 2 times, Location 1 7 times, Location 2 5 times, Location 3 33 times, Location 4 10 times, Location 5 1 times, Location 6 9 times, Location 7 10 times, Location 8 1 times, Location 9 5 times, Location 10 9 times, and Location 11 8 times.
friedrice got a total utility of 757 and a average utility of 7.57
Game 68:
I am currently playing against SmartyPants and friedrice
friedrice set up their Lemonade Stand at Location 0 4 times, Location 1 15 times, Location 2 0 times, Location 3 17 times, Location 4 0 times, Location 5 0 times, Location 6 0 times, Location 7 1 times, Location 8 15 times, Location 9 16 times, Location 10 31 times, and Location 11 1 times.
friedrice got a total utility of 878 and a average utility of 8.78
Game 69:
I am currently playing against SmartyPants and friedrice
friedrice set up their Lemonade Stand at Location 0 6 times, Location 1 22 times, Location 2 3 times, Location 3 34 times, Location 4 7 times, Location 5 2 times, Location 6 8 times, Location 7 11 times, Location 8 0 times, Location 9 3 times, Location 10 2 times, and Location 11 2 times.
friedrice got a total utility of 803 and a average utility of 8.03
Game 70:
I am currently playing against SmartyPants and friedrice
friedrice set up their Lemonade Stand at Location 0 9 times, Location 1 2 times, Location 2 1 times, Location 3 11 times, Location 4 10 times, Location 5 0 times, Location 6 0 times, Location 7 12 times, Location 8 10 times, Location 9 9 times, Location 10 18 times, and Location 11 18 times.
friedrice got a total utility of 808 and a average utility of 8.08
Game 71:
I am currently playing against SmartyPants and friedrice
friedrice set up their Lemonade Stand at Location 0 8 times, Location 1 3 times, Location 2 1 times, Location 3 56 times, Location 4 2 times, Location 5 0 times, Location 6 1 times, Location 7 13 times, Location 8 2 times, Location 9 4 times, Location 10 8 times, and Location 11 2 times.
friedrice got a total utility of 864 and a average utility of 8.64
Game 72:
I am currently playing against SmartyPants and friedrice
friedrice set up their Lemonade Stand at Location 0 1 times, Location 1 14 times, Location 2 0 times, Location 3 14 times, Location 4 1 times, Location 5 0 times, Location 6 4 times, Location 7 0 times, Location 8 14 times, Location 9 15 times, Location 10 37 times, and Location 11 0 times.
friedrice got a total utility of 877 and a average utility of 8.77
Game 73:
I am currently playing against SmartyPants and friedrice
friedrice set up their Lemonade Stand at Location 0 2 times, Location 1 13 times, Location 2 1 times, Location 3 19 times, Location 4 1 times, Location 5 0 times, Location 6 1 times, Location 7 3 times, Location 8 14 times, Location 9 15 times, Location 10 29 times, and Location 11 2 times.
friedrice got a total utility of 815 and a average utility of 8.15
Game 74:
I am currently playing against SmartyPants and friedrice
friedrice set up their Lemonade Stand at Location 0 6 times, Location 1 5 times, Location 2 0 times, Location 3 64 times, Location 4 4 times, Location 5 0 times, Location 6 4 times, Location 7 11 times, Location 8 0 times, Location 9 4 times, Location 10 0 times, and Location 11 2 times.
friedrice got a total utility of 826 and a average utility of 8.26
Game 75:
I am currently playing against SmartyPants and friedrice
friedrice set up their Lemonade Stand at Location 0 4 times, Location 1 8 times, Location 2 0 times, Location 3 31 times, Location 4 11 times, Location 5 0 times, Location 6 9 times, Location 7 14 times, Location 8 1 times, Location 9 6 times, Location 10 4 times, and Location 11 12 times.
friedrice got a total utility of 606 and a average utility of 6.06
Game 76:
I am currently playing against SmartyPants and friedrice
friedrice set up their Lemonade Stand at Location 0 7 times, Location 1 5 times, Location 2 0 times, Location 3 10 times, Location 4 4 times, Location 5 0 times, Location 6 0 times, Location 7 5 times, Location 8 1 times, Location 9 17 times, Location 10 45 times, and Location 11 6 times.
friedrice got a total utility of 764 and a average utility of 7.64
Game 77:
I am currently playing against SmartyPants and friedrice
friedrice set up their Lemonade Stand at Location 0 2 times, Location 1 13 times, Location 2 0 times, Location 3 19 times, Location 4 4 times, Location 5 0 times, Location 6 4 times, Location 7 2 times, Location 8 12 times, Location 9 16 times, Location 10 26 times, and Location 11 2 times.
friedrice got a total utility of 956 and a average utility of 9.56
Game 78:
I am currently playing against SmartyPants and friedrice
friedrice set up their Lemonade Stand at Location 0 4 times, Location 1 7 times, Location 2 1 times, Location 3 15 times, Location 4 7 times, Location 5 0 times, Location 6 3 times, Location 7 8 times, Location 8 3 times, Location 9 17 times, Location 10 33 times, and Location 11 2 times.
friedrice got a total utility of 823 and a average utility of 8.23
Game 79:
I am currently playing against SmartyPants and friedrice
friedrice set up their Lemonade Stand at Location 0 7 times, Location 1 8 times, Location 2 3 times, Location 3 8 times, Location 4 7 times, Location 5 1 times, Location 6 6 times, Location 7 5 times, Location 8 7 times, Location 9 9 times, Location 10 28 times, and Location 11 11 times.
friedrice got a total utility of 847 and a average utility of 8.47
Game 80:
I am currently playing against friedrice and Ilan
friedrice set up their Lemonade Stand at Location 0 1 times, Location 1 1 times, Location 2 1 times, Location 3 0 times, Location 4 1 times, Location 5 1 times, Location 6 1 times, Location 7 45 times, Location 8 47 times, Location 9 0 times, Location 10 2 times, and Location 11 0 times.
friedrice got a total utility of 885 and a average utility of 8.85
Game 81:
I am currently playing against Mike&Jade bot and KPAgent
friedrice set up their Lemonade Stand at Location 0 1 times, Location 1 5 times, Location 2 4 times, Location 3 5 times, Location 4 9 times, Location 5 3 times, Location 6 16 times, Location 7 8 times, Location 8 11 times, Location 9 10 times, Location 10 4 times, and Location 11 24 times.
friedrice got a total utility of 823 and a average utility of 8.23
Game 82:
I am currently playing against friedrice and TA -- Decrementing
friedrice set up their Lemonade Stand at Location 0 20 times, Location 1 1 times, Location 2 4 times, Location 3 0 times, Location 4 0 times, Location 5 4 times, Location 6 24 times, Location 7 7 times, Location 8 12 times, Location 9 9 times, Location 10 2 times, and Location 11 17 times.
friedrice got a total utility of 849 and a average utility of 8.49
Game 83:
I am currently playing against friedrice and shroobie
friedrice set up their Lemonade Stand at Location 0 9 times, Location 1 7 times, Location 2 4 times, Location 3 11 times, Location 4 6 times, Location 5 6 times, Location 6 17 times, Location 7 10 times, Location 8 10 times, Location 9 7 times, Location 10 3 times, and Location 11 10 times.
friedrice got a total utility of 826 and a average utility of 8.26
Game 84:
I am currently playing against friedrice and random
friedrice set up their Lemonade Stand at Location 0 49 times, Location 1 1 times, Location 2 0 times, Location 3 1 times, Location 4 0 times, Location 5 0 times, Location 6 0 times, Location 7 0 times, Location 8 0 times, Location 9 48 times, Location 10 1 times, and Location 11 0 times.
friedrice got a total utility of 605 and a average utility of 6.05
Game 85:
I am currently playing against friedrice and Ilan
friedrice set up their Lemonade Stand at Location 0 2 times, Location 1 1 times, Location 2 1 times, Location 3 11 times, Location 4 2 times, Location 5 0 times, Location 6 0 times, Location 7 39 times, Location 8 40 times, Location 9 2 times, Location 10 1 times, and Location 11 1 times.
friedrice got a total utility of 983 and a average utility of 9.83
Game 86:
I am currently playing against TA -- Decrementing and friedrice
friedrice set up their Lemonade Stand at Location 0 0 times, Location 1 0 times, Location 2 0 times, Location 3 17 times, Location 4 0 times, Location 5 0 times, Location 6 16 times, Location 7 16 times, Location 8 18 times, Location 9 0 times, Location 10 16 times, and Location 11 17 times.
friedrice got a total utility of 808 and a average utility of 8.08
Game 87:
I am currently playing against TA -- Decrementing and friedrice
friedrice set up their Lemonade Stand at Location 0 17 times, Location 1 16 times, Location 2 0 times, Location 3 17 times, Location 4 8 times, Location 5 0 times, Location 6 0 times, Location 7 17 times, Location 8 8 times, Location 9 8 times, Location 10 0 times, and Location 11 9 times.
friedrice got a total utility of 740 and a average utility of 7.4
Game 88:
I am currently playing against TA -- Decrementing and friedrice
friedrice set up their Lemonade Stand at Location 0 17 times, Location 1 16 times, Location 2 0 times, Location 3 17 times, Location 4 8 times, Location 5 0 times, Location 6 0 times, Location 7 17 times, Location 8 8 times, Location 9 8 times, Location 10 0 times, and Location 11 9 times.
friedrice got a total utility of 789 and a average utility of 7.89
Game 89:
I am currently playing against TA -- Decrementing and friedrice
friedrice set up their Lemonade Stand at Location 0 16 times, Location 1 16 times, Location 2 0 times, Location 3 17 times, Location 4 8 times, Location 5 0 times, Location 6 2 times, Location 7 16 times, Location 8 8 times, Location 9 8 times, Location 10 0 times, and Location 11 9 times.
friedrice got a total utility of 705 and a average utility of 7.05
Game 90:
I am currently playing against TA -- Decrementing and friedrice
friedrice set up their Lemonade Stand at Location 0 0 times, Location 1 0 times, Location 2 0 times, Location 3 17 times, Location 4 0 times, Location 5 0 times, Location 6 16 times, Location 7 16 times, Location 8 18 times, Location 9 0 times, Location 10 16 times, and Location 11 17 times.
friedrice got a total utility of 800 and a average utility of 8.0
Game 91:
I am currently playing against TA -- Decrementing and friedrice
friedrice set up their Lemonade Stand at Location 0 17 times, Location 1 16 times, Location 2 0 times, Location 3 16 times, Location 4 9 times, Location 5 0 times, Location 6 1 times, Location 7 16 times, Location 8 8 times, Location 9 8 times, Location 10 0 times, and Location 11 9 times.
friedrice got a total utility of 783 and a average utility of 7.83
Game 92:
I am currently playing against TA -- Decrementing and friedrice
friedrice set up their Lemonade Stand at Location 0 0 times, Location 1 0 times, Location 2 1 times, Location 3 16 times, Location 4 0 times, Location 5 0 times, Location 6 16 times, Location 7 16 times, Location 8 17 times, Location 9 0 times, Location 10 17 times, and Location 11 17 times.
friedrice got a total utility of 823 and a average utility of 8.23
Game 93:
I am currently playing against TA -- Decrementing and friedrice
friedrice set up their Lemonade Stand at Location 0 18 times, Location 1 16 times, Location 2 1 times, Location 3 15 times, Location 4 8 times, Location 5 0 times, Location 6 1 times, Location 7 16 times, Location 8 8 times, Location 9 9 times, Location 10 0 times, and Location 11 8 times.
friedrice got a total utility of 789 and a average utility of 7.89
Game 94:
I am currently playing against TA -- Decrementing and friedrice
friedrice set up their Lemonade Stand at Location 0 17 times, Location 1 16 times, Location 2 0 times, Location 3 16 times, Location 4 9 times, Location 5 0 times, Location 6 0 times, Location 7 16 times, Location 8 8 times, Location 9 8 times, Location 10 1 times, and Location 11 9 times.
friedrice got a total utility of 760 and a average utility of 7.6
Game 95:
I am currently playing against TA -- Decrementing and friedrice
friedrice set up their Lemonade Stand at Location 0 16 times, Location 1 16 times, Location 2 1 times, Location 3 16 times, Location 4 8 times, Location 5 1 times, Location 6 1 times, Location 7 16 times, Location 8 8 times, Location 9 8 times, Location 10 0 times, and Location 11 9 times.
friedrice got a total utility of 812 and a average utility of 8.12
Game 96:
I am currently playing against TA -- Decrementing and friedrice
friedrice set up their Lemonade Stand at Location 0 16 times, Location 1 16 times, Location 2 0 times, Location 3 16 times, Location 4 10 times, Location 5 0 times, Location 6 1 times, Location 7 16 times, Location 8 8 times, Location 9 8 times, Location 10 0 times, and Location 11 9 times.
friedrice got a total utility of 735 and a average utility of 7.35
Game 97:
I am currently playing against TA -- Decrementing and friedrice
friedrice set up their Lemonade Stand at Location 0 16 times, Location 1 16 times, Location 2 1 times, Location 3 17 times, Location 4 8 times, Location 5 0 times, Location 6 0 times, Location 7 17 times, Location 8 8 times, Location 9 8 times, Location 10 0 times, and Location 11 9 times.
friedrice got a total utility of 774 and a average utility of 7.74
Game 98:
I am currently playing against TA -- Decrementing and friedrice
friedrice set up their Lemonade Stand at Location 0 16 times, Location 1 16 times, Location 2 0 times, Location 3 17 times, Location 4 8 times, Location 5 1 times, Location 6 1 times, Location 7 16 times, Location 8 8 times, Location 9 8 times, Location 10 0 times, and Location 11 9 times.
friedrice got a total utility of 866 and a average utility of 8.66
Game 99:
I am currently playing against TA -- Decrementing and friedrice
friedrice set up their Lemonade Stand at Location 0 18 times, Location 1 15 times, Location 2 2 times, Location 3 15 times, Location 4 8 times, Location 5 1 times, Location 6 0 times, Location 7 16 times, Location 8 8 times, Location 9 9 times, Location 10 0 times, and Location 11 8 times.
friedrice got a total utility of 753 and a average utility of 7.53
Game 100:
I am currently playing against TA -- Decrementing and friedrice
friedrice set up their Lemonade Stand at Location 0 0 times, Location 1 0 times, Location 2 0 times, Location 3 16 times, Location 4 0 times, Location 5 0 times, Location 6 16 times, Location 7 17 times, Location 8 17 times, Location 9 0 times, Location 10 17 times, and Location 11 17 times.
friedrice got a total utility of 789 and a average utility of 7.89
Game 101:
I am currently playing against TA -- Decrementing and friedrice
friedrice set up their Lemonade Stand at Location 0 16 times, Location 1 16 times, Location 2 0 times, Location 3 17 times, Location 4 8 times, Location 5 1 times, Location 6 1 times, Location 7 16 times, Location 8 8 times, Location 9 8 times, Location 10 0 times, and Location 11 9 times.
friedrice got a total utility of 836 and a average utility of 8.36
Game 102:
I am currently playing against TA -- Decrementing and friedrice
friedrice set up their Lemonade Stand at Location 0 17 times, Location 1 16 times, Location 2 0 times, Location 3 16 times, Location 4 9 times, Location 5 0 times, Location 6 0 times, Location 7 16 times, Location 8 8 times, Location 9 8 times, Location 10 0 times, and Location 11 10 times.
friedrice got a total utility of 792 and a average utility of 7.92
Game 103:
I am currently playing against TA -- Decrementing and friedrice
friedrice set up their Lemonade Stand at Location 0 17 times, Location 1 16 times, Location 2 0 times, Location 3 16 times, Location 4 9 times, Location 5 0 times, Location 6 0 times, Location 7 16 times, Location 8 8 times, Location 9 9 times, Location 10 0 times, and Location 11 9 times.
friedrice got a total utility of 774 and a average utility of 7.74
Game 104:
I am currently playing against friedrice and random
friedrice set up their Lemonade Stand at Location 0 49 times, Location 1 1 times, Location 2 0 times, Location 3 0 times, Location 4 0 times, Location 5 0 times, Location 6 0 times, Location 7 0 times, Location 8 0 times, Location 9 49 times, Location 10 0 times, and Location 11 1 times.
friedrice got a total utility of 743 and a average utility of 7.43
Game 105:
I am currently playing against friedrice and shroobie
friedrice set up their Lemonade Stand at Location 0 10 times, Location 1 3 times, Location 2 2 times, Location 3 12 times, Location 4 11 times, Location 5 7 times, Location 6 13 times, Location 7 2 times, Location 8 2 times, Location 9 3 times, Location 10 19 times, and Location 11 16 times.
friedrice got a total utility of 796 and a average utility of 7.96
Game 106:
I am currently playing against Ilan and friedrice
friedrice set up their Lemonade Stand at Location 0 1 times, Location 1 2 times, Location 2 0 times, Location 3 4 times, Location 4 2 times, Location 5 1 times, Location 6 1 times, Location 7 1 times, Location 8 0 times, Location 9 3 times, Location 10 81 times, and Location 11 4 times.
friedrice got a total utility of 625 and a average utility of 6.25
Game 107:
I am currently playing against Ilan and friedrice
friedrice set up their Lemonade Stand at Location 0 1 times, Location 1 3 times, Location 2 0 times, Location 3 6 times, Location 4 3 times, Location 5 0 times, Location 6 0 times, Location 7 3 times, Location 8 0 times, Location 9 4 times, Location 10 74 times, and Location 11 6 times.
friedrice got a total utility of 662 and a average utility of 6.62
Game 108:
I am currently playing against Ilan and friedrice
friedrice set up their Lemonade Stand at Location 0 2 times, Location 1 4 times, Location 2 0 times, Location 3 8 times, Location 4 4 times, Location 5 1 times, Location 6 1 times, Location 7 3 times, Location 8 0 times, Location 9 6 times, Location 10 64 times, and Location 11 7 times.
friedrice got a total utility of 592 and a average utility of 5.92
Game 109:
I am currently playing against Ilan and friedrice
friedrice set up their Lemonade Stand at Location 0 1 times, Location 1 2 times, Location 2 0 times, Location 3 4 times, Location 4 2 times, Location 5 0 times, Location 6 0 times, Location 7 2 times, Location 8 0 times, Location 9 3 times, Location 10 83 times, and Location 11 3 times.
friedrice got a total utility of 982 and a average utility of 9.82
Game 110:
I am currently playing against Ilan and friedrice
friedrice set up their Lemonade Stand at Location 0 2 times, Location 1 3 times, Location 2 0 times, Location 3 7 times, Location 4 4 times, Location 5 0 times, Location 6 1 times, Location 7 3 times, Location 8 0 times, Location 9 6 times, Location 10 68 times, and Location 11 6 times.
friedrice got a total utility of 847 and a average utility of 8.47
Game 111:
I am currently playing against Ilan and friedrice
friedrice set up their Lemonade Stand at Location 0 5 times, Location 1 1 times, Location 2 0 times, Location 3 2 times, Location 4 2 times, Location 5 0 times, Location 6 2 times, Location 7 0 times, Location 8 0 times, Location 9 6 times, Location 10 74 times, and Location 11 8 times.
friedrice got a total utility of 609 and a average utility of 6.09
Game 112:
I am currently playing against Ilan and friedrice
friedrice set up their Lemonade Stand at Location 0 2 times, Location 1 1 times, Location 2 0 times, Location 3 2 times, Location 4 1 times, Location 5 0 times, Location 6 2 times, Location 7 0 times, Location 8 0 times, Location 9 3 times, Location 10 85 times, and Location 11 4 times.
friedrice got a total utility of 985 and a average utility of 9.85
Game 113:
I am currently playing against Ilan and friedrice
friedrice set up their Lemonade Stand at Location 0 2 times, Location 1 4 times, Location 2 0 times, Location 3 5 times, Location 4 3 times, Location 5 0 times, Location 6 0 times, Location 7 3 times, Location 8 0 times, Location 9 5 times, Location 10 73 times, and Location 11 5 times.
friedrice got a total utility of 763 and a average utility of 7.63
Game 114:
I am currently playing against Ilan and friedrice
friedrice set up their Lemonade Stand at Location 0 1 times, Location 1 1 times, Location 2 0 times, Location 3 2 times, Location 4 1 times, Location 5 0 times, Location 6 2 times, Location 7 0 times, Location 8 0 times, Location 9 2 times, Location 10 88 times, and Location 11 3 times.
friedrice got a total utility of 668 and a average utility of 6.68
Game 115:
I am currently playing against Ilan and friedrice
friedrice set up their Lemonade Stand at Location 0 2 times, Location 1 1 times, Location 2 1 times, Location 3 2 times, Location 4 1 times, Location 5 0 times, Location 6 0 times, Location 7 1 times, Location 8 0 times, Location 9 4 times, Location 10 84 times, and Location 11 4 times.
friedrice got a total utility of 1026 and a average utility of 10.26
Game 116:
I am currently playing against Ilan and friedrice
friedrice set up their Lemonade Stand at Location 0 3 times, Location 1 1 times, Location 2 0 times, Location 3 2 times, Location 4 1 times, Location 5 1 times, Location 6 1 times, Location 7 0 times, Location 8 0 times, Location 9 3 times, Location 10 84 times, and Location 11 4 times.
friedrice got a total utility of 634 and a average utility of 6.34
Game 117:
I am currently playing against Ilan and friedrice
friedrice set up their Lemonade Stand at Location 0 3 times, Location 1 2 times, Location 2 0 times, Location 3 4 times, Location 4 2 times, Location 5 0 times, Location 6 0 times, Location 7 2 times, Location 8 0 times, Location 9 5 times, Location 10 75 times, and Location 11 7 times.
friedrice got a total utility of 1016 and a average utility of 10.16
Game 118:
I am currently playing against Ilan and friedrice
friedrice set up their Lemonade Stand at Location 0 7 times, Location 1 1 times, Location 2 0 times, Location 3 0 times, Location 4 0 times, Location 5 0 times, Location 6 1 times, Location 7 1 times, Location 8 1 times, Location 9 7 times, Location 10 76 times, and Location 11 6 times.
friedrice got a total utility of 766 and a average utility of 7.66
Game 119:
I am currently playing against Ilan and friedrice
friedrice set up their Lemonade Stand at Location 0 1 times, Location 1 1 times, Location 2 0 times, Location 3 3 times, Location 4 1 times, Location 5 0 times, Location 6 0 times, Location 7 1 times, Location 8 0 times, Location 9 4 times, Location 10 86 times, and Location 11 3 times.
friedrice got a total utility of 838 and a average utility of 8.38
Game 120:
I am currently playing against Ilan and friedrice
friedrice set up their Lemonade Stand at Location 0 4 times, Location 1 0 times, Location 2 0 times, Location 3 1 times, Location 4 0 times, Location 5 1 times, Location 6 0 times, Location 7 0 times, Location 8 1 times, Location 9 3 times, Location 10 85 times, and Location 11 5 times.
friedrice got a total utility of 697 and a average utility of 6.97
Game 121:
I am currently playing against Ilan and friedrice
friedrice set up their Lemonade Stand at Location 0 0 times, Location 1 2 times, Location 2 0 times, Location 3 4 times, Location 4 2 times, Location 5 0 times, Location 6 1 times, Location 7 2 times, Location 8 0 times, Location 9 2 times, Location 10 84 times, and Location 11 3 times.
friedrice got a total utility of 1178 and a average utility of 11.78
Game 122:
I am currently playing against Ilan and friedrice
friedrice set up their Lemonade Stand at Location 0 3 times, Location 1 3 times, Location 2 0 times, Location 3 5 times, Location 4 3 times, Location 5 0 times, Location 6 2 times, Location 7 2 times, Location 8 0 times, Location 9 6 times, Location 10 69 times, and Location 11 7 times.
friedrice got a total utility of 733 and a average utility of 7.33
Game 123:
I am currently playing against Ilan and friedrice
friedrice set up their Lemonade Stand at Location 0 0 times, Location 1 1 times, Location 2 0 times, Location 3 2 times, Location 4 1 times, Location 5 0 times, Location 6 0 times, Location 7 1 times, Location 8 0 times, Location 9 1 times, Location 10 92 times, and Location 11 2 times.
friedrice got a total utility of 782 and a average utility of 7.82
Game 124:
I am currently playing against friedrice and TA -- Decrementing
friedrice set up their Lemonade Stand at Location 0 31 times, Location 1 0 times, Location 2 1 times, Location 3 1 times, Location 4 1 times, Location 5 0 times, Location 6 31 times, Location 7 3 times, Location 8 14 times, Location 9 0 times, Location 10 2 times, and Location 11 16 times.
friedrice got a total utility of 787 and a average utility of 7.87
Game 125:
I am currently playing against friedrice and random
friedrice set up their Lemonade Stand at Location 0 49 times, Location 1 0 times, Location 2 0 times, Location 3 1 times, Location 4 0 times, Location 5 0 times, Location 6 0 times, Location 7 0 times, Location 8 0 times, Location 9 49 times, Location 10 0 times, and Location 11 1 times.
friedrice got a total utility of 403 and a average utility of 4.03
Game 126:
I am currently playing against friedrice and shroobie
friedrice set up their Lemonade Stand at Location 0 10 times, Location 1 12 times, Location 2 2 times, Location 3 4 times, Location 4 7 times, Location 5 2 times, Location 6 19 times, Location 7 8 times, Location 8 4 times, Location 9 4 times, Location 10 8 times, and Location 11 20 times.
friedrice got a total utility of 817 and a average utility of 8.17
Game 127:
I am currently playing against random and friedrice
friedrice set up their Lemonade Stand at Location 0 0 times, Location 1 0 times, Location 2 32 times, Location 3 0 times, Location 4 32 times, Location 5 1 times, Location 6 0 times, Location 7 1 times, Location 8 0 times, Location 9 0 times, Location 10 0 times, and Location 11 34 times.
friedrice got a total utility of 955 and a average utility of 9.55
Game 128:
I am currently playing against random and friedrice
friedrice set up their Lemonade Stand at Location 0 0 times, Location 1 0 times, Location 2 32 times, Location 3 0 times, Location 4 32 times, Location 5 1 times, Location 6 0 times, Location 7 1 times, Location 8 0 times, Location 9 0 times, Location 10 1 times, and Location 11 33 times.
friedrice got a total utility of 1063 and a average utility of 10.63
Game 129:
I am currently playing against random and friedrice
friedrice set up their Lemonade Stand at Location 0 0 times, Location 1 0 times, Location 2 33 times, Location 3 0 times, Location 4 32 times, Location 5 0 times, Location 6 1 times, Location 7 1 times, Location 8 0 times, Location 9 0 times, Location 10 0 times, and Location 11 33 times.
friedrice got a total utility of 770 and a average utility of 7.7
Game 130:
I am currently playing against random and friedrice
friedrice set up their Lemonade Stand at Location 0 0 times, Location 1 0 times, Location 2 33 times, Location 3 0 times, Location 4 32 times, Location 5 1 times, Location 6 0 times, Location 7 1 times, Location 8 0 times, Location 9 0 times, Location 10 0 times, and Location 11 33 times.
friedrice got a total utility of 611 and a average utility of 6.11
Game 131:
I am currently playing against random and friedrice
friedrice set up their Lemonade Stand at Location 0 0 times, Location 1 0 times, Location 2 34 times, Location 3 0 times, Location 4 32 times, Location 5 0 times, Location 6 0 times, Location 7 1 times, Location 8 0 times, Location 9 0 times, Location 10 0 times, and Location 11 33 times.
friedrice got a total utility of 816 and a average utility of 8.16
Game 132:
I am currently playing against random and friedrice
friedrice set up their Lemonade Stand at Location 0 0 times, Location 1 0 times, Location 2 32 times, Location 3 0 times, Location 4 32 times, Location 5 1 times, Location 6 0 times, Location 7 1 times, Location 8 0 times, Location 9 0 times, Location 10 0 times, and Location 11 34 times.
friedrice got a total utility of 864 and a average utility of 8.64
Game 133:
I am currently playing against random and friedrice
friedrice set up their Lemonade Stand at Location 0 0 times, Location 1 0 times, Location 2 33 times, Location 3 1 times, Location 4 32 times, Location 5 0 times, Location 6 0 times, Location 7 1 times, Location 8 0 times, Location 9 0 times, Location 10 0 times, and Location 11 33 times.
friedrice got a total utility of 746 and a average utility of 7.46
Game 134:
I am currently playing against random and friedrice
friedrice set up their Lemonade Stand at Location 0 0 times, Location 1 0 times, Location 2 33 times, Location 3 0 times, Location 4 32 times, Location 5 0 times, Location 6 0 times, Location 7 2 times, Location 8 0 times, Location 9 0 times, Location 10 0 times, and Location 11 33 times.
friedrice got a total utility of 794 and a average utility of 7.94
Game 135:
I am currently playing against random and friedrice
friedrice set up their Lemonade Stand at Location 0 0 times, Location 1 0 times, Location 2 32 times, Location 3 0 times, Location 4 32 times, Location 5 1 times, Location 6 0 times, Location 7 1 times, Location 8 0 times, Location 9 1 times, Location 10 0 times, and Location 11 33 times.
friedrice got a total utility of 912 and a average utility of 9.12
Game 136:
I am currently playing against random and friedrice
friedrice set up their Lemonade Stand at Location 0 0 times, Location 1 0 times, Location 2 32 times, Location 3 0 times, Location 4 32 times, Location 5 1 times, Location 6 0 times, Location 7 1 times, Location 8 0 times, Location 9 0 times, Location 10 1 times, and Location 11 33 times.
friedrice got a total utility of 606 and a average utility of 6.06
Game 137:
I am currently playing against random and friedrice
friedrice set up their Lemonade Stand at Location 0 0 times, Location 1 0 times, Location 2 34 times, Location 3 0 times, Location 4 32 times, Location 5 0 times, Location 6 0 times, Location 7 1 times, Location 8 0 times, Location 9 0 times, Location 10 0 times, and Location 11 33 times.
friedrice got a total utility of 648 and a average utility of 6.48
Game 138:
I am currently playing against random and friedrice
friedrice set up their Lemonade Stand at Location 0 0 times, Location 1 0 times, Location 2 32 times, Location 3 0 times, Location 4 32 times, Location 5 1 times, Location 6 0 times, Location 7 1 times, Location 8 1 times, Location 9 0 times, Location 10 0 times, and Location 11 33 times.
friedrice got a total utility of 1062 and a average utility of 10.62
Game 139:
I am currently playing against random and friedrice
friedrice set up their Lemonade Stand at Location 0 0 times, Location 1 0 times, Location 2 33 times, Location 3 1 times, Location 4 32 times, Location 5 0 times, Location 6 0 times, Location 7 1 times, Location 8 0 times, Location 9 0 times, Location 10 0 times, and Location 11 33 times.
friedrice got a total utility of 663 and a average utility of 6.63
Game 140:
I am currently playing against random and friedrice
friedrice set up their Lemonade Stand at Location 0 0 times, Location 1 0 times, Location 2 33 times, Location 3 0 times, Location 4 32 times, Location 5 1 times, Location 6 0 times, Location 7 1 times, Location 8 0 times, Location 9 0 times, Location 10 0 times, and Location 11 33 times.
friedrice got a total utility of 760 and a average utility of 7.6
Game 141:
I am currently playing against random and friedrice
friedrice set up their Lemonade Stand at Location 0 0 times, Location 1 0 times, Location 2 33 times, Location 3 0 times, Location 4 32 times, Location 5 0 times, Location 6 1 times, Location 7 1 times, Location 8 0 times, Location 9 0 times, Location 10 0 times, and Location 11 33 times.
friedrice got a total utility of 1021 and a average utility of 10.21
Game 142:
I am currently playing against random and friedrice
friedrice set up their Lemonade Stand at Location 0 0 times, Location 1 0 times, Location 2 32 times, Location 3 0 times, Location 4 32 times, Location 5 1 times, Location 6 0 times, Location 7 1 times, Location 8 0 times, Location 9 0 times, Location 10 0 times, and Location 11 34 times.
friedrice got a total utility of 732 and a average utility of 7.32
Game 143:
I am currently playing against random and friedrice
friedrice set up their Lemonade Stand at Location 0 0 times, Location 1 1 times, Location 2 33 times, Location 3 0 times, Location 4 32 times, Location 5 0 times, Location 6 0 times, Location 7 1 times, Location 8 0 times, Location 9 0 times, Location 10 0 times, and Location 11 33 times.
friedrice got a total utility of 1058 and a average utility of 10.58
Game 144:
I am currently playing against random and friedrice
friedrice set up their Lemonade Stand at Location 0 0 times, Location 1 0 times, Location 2 33 times, Location 3 0 times, Location 4 33 times, Location 5 0 times, Location 6 0 times, Location 7 1 times, Location 8 0 times, Location 9 0 times, Location 10 0 times, and Location 11 33 times.
friedrice got a total utility of 765 and a average utility of 7.65
Game 145:
I am currently playing against random and friedrice
friedrice set up their Lemonade Stand at Location 0 0 times, Location 1 0 times, Location 2 33 times, Location 3 0 times, Location 4 32 times, Location 5 1 times, Location 6 0 times, Location 7 1 times, Location 8 0 times, Location 9 0 times, Location 10 0 times, and Location 11 33 times.
friedrice got a total utility of 1065 and a average utility of 10.65
Game 146:
I am currently playing against random and friedrice
friedrice set up their Lemonade Stand at Location 0 0 times, Location 1 0 times, Location 2 32 times, Location 3 0 times, Location 4 32 times, Location 5 1 times, Location 6 0 times, Location 7 1 times, Location 8 1 times, Location 9 0 times, Location 10 0 times, and Location 11 33 times.
friedrice got a total utility of 935 and a average utility of 9.35
Game 147:
I am currently playing against shroobie and friedrice
friedrice set up their Lemonade Stand at Location 0 6 times, Location 1 6 times, Location 2 5 times, Location 3 15 times, Location 4 6 times, Location 5 1 times, Location 6 10 times, Location 7 9 times, Location 8 10 times, Location 9 14 times, Location 10 8 times, and Location 11 10 times.
friedrice got a total utility of 791 and a average utility of 7.91
Game 148:
I am currently playing against shroobie and friedrice
friedrice set up their Lemonade Stand at Location 0 5 times, Location 1 10 times, Location 2 1 times, Location 3 14 times, Location 4 5 times, Location 5 5 times, Location 6 12 times, Location 7 6 times, Location 8 7 times, Location 9 11 times, Location 10 15 times, and Location 11 9 times.
friedrice got a total utility of 839 and a average utility of 8.39
Game 149:
I am currently playing against shroobie and friedrice
friedrice set up their Lemonade Stand at Location 0 11 times, Location 1 8 times, Location 2 5 times, Location 3 10 times, Location 4 2 times, Location 5 2 times, Location 6 7 times, Location 7 14 times, Location 8 3 times, Location 9 17 times, Location 10 11 times, and Location 11 10 times.
friedrice got a total utility of 810 and a average utility of 8.1
Game 150:
I am currently playing against shroobie and friedrice
friedrice set up their Lemonade Stand at Location 0 8 times, Location 1 10 times, Location 2 3 times, Location 3 15 times, Location 4 4 times, Location 5 2 times, Location 6 7 times, Location 7 11 times, Location 8 3 times, Location 9 17 times, Location 10 12 times, and Location 11 8 times.
friedrice got a total utility of 802 and a average utility of 8.02
Game 151:
I am currently playing against shroobie and friedrice
friedrice set up their Lemonade Stand at Location 0 7 times, Location 1 8 times, Location 2 3 times, Location 3 11 times, Location 4 5 times, Location 5 2 times, Location 6 10 times, Location 7 10 times, Location 8 4 times, Location 9 17 times, Location 10 9 times, and Location 11 14 times.
friedrice got a total utility of 840 and a average utility of 8.4
Game 152:
I am currently playing against shroobie and friedrice
friedrice set up their Lemonade Stand at Location 0 6 times, Location 1 3 times, Location 2 6 times, Location 3 9 times, Location 4 7 times, Location 5 3 times, Location 6 20 times, Location 7 12 times, Location 8 10 times, Location 9 7 times, Location 10 5 times, and Location 11 12 times.
friedrice got a total utility of 795 and a average utility of 7.95
Game 153:
I am currently playing against shroobie and friedrice
friedrice set up their Lemonade Stand at Location 0 9 times, Location 1 8 times, Location 2 4 times, Location 3 11 times, Location 4 4 times, Location 5 3 times, Location 6 11 times, Location 7 9 times, Location 8 4 times, Location 9 16 times, Location 10 9 times, and Location 11 12 times.
friedrice got a total utility of 796 and a average utility of 7.96
Game 154:
I am currently playing against shroobie and friedrice
friedrice set up their Lemonade Stand at Location 0 14 times, Location 1 8 times, Location 2 4 times, Location 3 8 times, Location 4 1 times, Location 5 1 times, Location 6 11 times, Location 7 10 times, Location 8 7 times, Location 9 15 times, Location 10 11 times, and Location 11 10 times.
friedrice got a total utility of 781 and a average utility of 7.81
Game 155:
I am currently playing against shroobie and friedrice
friedrice set up their Lemonade Stand at Location 0 8 times, Location 1 6 times, Location 2 4 times, Location 3 18 times, Location 4 5 times, Location 5 3 times, Location 6 15 times, Location 7 21 times, Location 8 1 times, Location 9 6 times, Location 10 6 times, and Location 11 7 times.
friedrice got a total utility of 736 and a average utility of 7.36
Game 156:
I am currently playing against shroobie and friedrice
friedrice set up their Lemonade Stand at Location 0 15 times, Location 1 10 times, Location 2 3 times, Location 3 9 times, Location 4 6 times, Location 5 5 times, Location 6 6 times, Location 7 10 times, Location 8 8 times, Location 9 13 times, Location 10 6 times, and Location 11 9 times.
friedrice got a total utility of 747 and a average utility of 7.47
Game 157:
I am currently playing against shroobie and friedrice
friedrice set up their Lemonade Stand at Location 0 6 times, Location 1 6 times, Location 2 3 times, Location 3 21 times, Location 4 6 times, Location 5 3 times, Location 6 10 times, Location 7 23 times, Location 8 1 times, Location 9 6 times, Location 10 8 times, and Location 11 7 times.
friedrice got a total utility of 663 and a average utility of 6.63
Game 158:
I am currently playing against shroobie and friedrice
friedrice set up their Lemonade Stand at Location 0 7 times, Location 1 6 times, Location 2 5 times, Location 3 14 times, Location 4 2 times, Location 5 2 times, Location 6 7 times, Location 7 13 times, Location 8 2 times, Location 9 17 times, Location 10 13 times, and Location 11 12 times.
friedrice got a total utility of 799 and a average utility of 7.99
Game 159:
I am currently playing against shroobie and friedrice
friedrice set up their Lemonade Stand at Location 0 7 times, Location 1 2 times, Location 2 7 times, Location 3 8 times, Location 4 5 times, Location 5 3 times, Location 6 13 times, Location 7 9 times, Location 8 6 times, Location 9 14 times, Location 10 14 times, and Location 11 12 times.
friedrice got a total utility of 771 and a average utility of 7.71
Game 160:
I am currently playing against shroobie and friedrice
friedrice set up their Lemonade Stand at Location 0 13 times, Location 1 5 times, Location 2 6 times, Location 3 10 times, Location 4 0 times, Location 5 2 times, Location 6 11 times, Location 7 14 times, Location 8 2 times, Location 9 14 times, Location 10 7 times, and Location 11 16 times.
friedrice got a total utility of 760 and a average utility of 7.6
Game 161:
I am currently playing against shroobie and friedrice
friedrice set up their Lemonade Stand at Location 0 7 times, Location 1 10 times, Location 2 3 times, Location 3 15 times, Location 4 1 times, Location 5 2 times, Location 6 5 times, Location 7 17 times, Location 8 1 times, Location 9 15 times, Location 10 16 times, and Location 11 8 times.
friedrice got a total utility of 859 and a average utility of 8.59
Game 162:
I am currently playing against shroobie and friedrice
friedrice set up their Lemonade Stand at Location 0 14 times, Location 1 6 times, Location 2 0 times, Location 3 14 times, Location 4 7 times, Location 5 0 times, Location 6 12 times, Location 7 8 times, Location 8 14 times, Location 9 17 times, Location 10 4 times, and Location 11 4 times.
friedrice got a total utility of 734 and a average utility of 7.34
Game 163:
I am currently playing against shroobie and friedrice
friedrice set up their Lemonade Stand at Location 0 14 times, Location 1 8 times, Location 2 2 times, Location 3 14 times, Location 4 4 times, Location 5 3 times, Location 6 2 times, Location 7 12 times, Location 8 4 times, Location 9 14 times, Location 10 13 times, and Location 11 10 times.
friedrice got a total utility of 838 and a average utility of 8.38
Game 164:
I am currently playing against shroobie and friedrice
friedrice set up their Lemonade Stand at Location 0 4 times, Location 1 8 times, Location 2 5 times, Location 3 12 times, Location 4 5 times, Location 5 4 times, Location 6 9 times, Location 7 14 times, Location 8 3 times, Location 9 11 times, Location 10 8 times, and Location 11 17 times.
friedrice got a total utility of 798 and a average utility of 7.98
Game 165:
I am currently playing against shroobie and friedrice
friedrice set up their Lemonade Stand at Location 0 20 times, Location 1 14 times, Location 2 5 times, Location 3 7 times, Location 4 7 times, Location 5 3 times, Location 6 8 times, Location 7 12 times, Location 8 3 times, Location 9 7 times, Location 10 5 times, and Location 11 9 times.
friedrice got a total utility of 729 and a average utility of 7.29
Game 166:
I am currently playing against shroobie and friedrice
friedrice set up their Lemonade Stand at Location 0 10 times, Location 1 10 times, Location 2 3 times, Location 3 12 times, Location 4 6 times, Location 5 0 times, Location 6 5 times, Location 7 20 times, Location 8 4 times, Location 9 12 times, Location 10 7 times, and Location 11 11 times.
friedrice got a total utility of 821 and a average utility of 8.21
Game 167:
I am currently playing against TA -- Reserve Agent and Little Lemonade
friedrice set up their Lemonade Stand at Location 0 0 times, Location 1 1 times, Location 2 0 times, Location 3 0 times, Location 4 39 times, Location 5 0 times, Location 6 0 times, Location 7 1 times, Location 8 20 times, Location 9 0 times, Location 10 0 times, and Location 11 39 times.
friedrice got a total utility of 923 and a average utility of 9.23
Game 168:
I am currently playing against friedrice and Ilan
friedrice set up their Lemonade Stand at Location 0 2 times, Location 1 0 times, Location 2 0 times, Location 3 1 times, Location 4 2 times, Location 5 1 times, Location 6 0 times, Location 7 46 times, Location 8 46 times, Location 9 0 times, Location 10 2 times, and Location 11 0 times.
friedrice got a total utility of 828 and a average utility of 8.28
Game 169:
I am currently playing against friedrice and TA -- Decrementing
friedrice set up their Lemonade Stand at Location 0 28 times, Location 1 0 times, Location 2 2 times, Location 3 1 times, Location 4 2 times, Location 5 1 times, Location 6 28 times, Location 7 4 times, Location 8 15 times, Location 9 1 times, Location 10 1 times, and Location 11 17 times.
friedrice got a total utility of 721 and a average utility of 7.21
Game 170:
I am currently playing against Ilan and friedrice
friedrice set up their Lemonade Stand at Location 0 2 times, Location 1 1 times, Location 2 0 times, Location 3 4 times, Location 4 1 times, Location 5 0 times, Location 6 0 times, Location 7 2 times, Location 8 0 times, Location 9 3 times, Location 10 84 times, and Location 11 3 times.
friedrice got a total utility of 1158 and a average utility of 11.58
Game 171:
I am currently playing against Ilan and friedrice
friedrice set up their Lemonade Stand at Location 0 5 times, Location 1 4 times, Location 2 0 times, Location 3 9 times, Location 4 8 times, Location 5 0 times, Location 6 7 times, Location 7 0 times, Location 8 0 times, Location 9 8 times, Location 10 53 times, and Location 11 6 times.
friedrice got a total utility of 1056 and a average utility of 10.56
Game 172:
I am currently playing against SmartyPants and friedrice
friedrice set up their Lemonade Stand at Location 0 8 times, Location 1 11 times, Location 2 2 times, Location 3 14 times, Location 4 3 times, Location 5 1 times, Location 6 9 times, Location 7 1 times, Location 8 11 times, Location 9 11 times, Location 10 24 times, and Location 11 5 times.
friedrice got a total utility of 900 and a average utility of 9.0
Game 173:
I am currently playing against TA -- Decrementing and friedrice
friedrice set up their Lemonade Stand at Location 0 17 times, Location 1 16 times, Location 2 0 times, Location 3 16 times, Location 4 9 times, Location 5 0 times, Location 6 0 times, Location 7 16 times, Location 8 8 times, Location 9 8 times, Location 10 1 times, and Location 11 9 times.
friedrice got a total utility of 708 and a average utility of 7.08
Game 174:
I am currently playing against TA -- Decrementing and friedrice
friedrice set up their Lemonade Stand at Location 0 16 times, Location 1 16 times, Location 2 1 times, Location 3 16 times, Location 4 8 times, Location 5 1 times, Location 6 1 times, Location 7 16 times, Location 8 8 times, Location 9 8 times, Location 10 0 times, and Location 11 9 times.
friedrice got a total utility of 824 and a average utility of 8.24
Game 175:
I am currently playing against SmartyPants and friedrice
friedrice set up their Lemonade Stand at Location 0 19 times, Location 1 0 times, Location 2 9 times, Location 3 1 times, Location 4 9 times, Location 5 0 times, Location 6 10 times, Location 7 19 times, Location 8 2 times, Location 9 20 times, Location 10 11 times, and Location 11 0 times.
friedrice got a total utility of 751 and a average utility of 7.51
Traceback (most recent call last):
  File "/ifs/CS/courses/cs1440/ta/agt-server-remastered/src/agt_server/agents/test_agents/lemonade_2025/4163463/submission/my_agent.py", line 46, in <module>
    agent_submission.connect(ip=args.ip, port=args.port)
  File "/ifs/CS/courses/cs1440/ta/agt-server-remastered/.venv2/lib/python3.11/site-packages/agt_server/agents/base_agents/agent.py", line 68, in connect
    self.play()
  File "/ifs/CS/courses/cs1440/ta/agt-server-remastered/.venv2/lib/python3.11/site-packages/agt_server/agents/base_agents/lemonade_agent.py", line 126, in play
    self.update()
  File "/ifs/CS/courses/cs1440/ta/agt-server-remastered/src/agt_server/agents/test_agents/lemonade_2025/4163463/submission/q_learning.py", line 66, in update
    self.update_rule(my_last_util)
  File "/ifs/CS/courses/cs1440/ta/agt-server-remastered/src/agt_server/agents/test_agents/lemonade_2025/4163463/submission/q_learning.py", line 58, in update_rule
    np.max(self.q[self.s_prime]) - self.q[self.s, self.a])
           ~~~~~~^^^^^^^^^^^^^^
IndexError: index 85 is out of bounds for axis 0 with size 81
