My name is geriatric_agent
We are playing Lemonade Stand
Game 1:
I am currently playing against geriatric_agent and Simple Mover
geriatric_agent set up their Lemonade Stand at Location 0 99 times, Location 1 0 times, Location 2 0 times, Location 3 0 times, Location 4 1 times, Location 5 0 times, Location 6 0 times, Location 7 0 times, Location 8 0 times, Location 9 0 times, Location 10 0 times, and Location 11 0 times.
geriatric_agent got a total utility of 901 and a average utility of 9.01
Game 2:
I am currently playing against geriatric_agent and Max
geriatric_agent set up their Lemonade Stand at Location 0 99 times, Location 1 0 times, Location 2 0 times, Location 3 0 times, Location 4 0 times, Location 5 0 times, Location 6 0 times, Location 7 0 times, Location 8 0 times, Location 9 0 times, Location 10 0 times, and Location 11 1 times.
geriatric_agent got a total utility of 869 and a average utility of 8.69
Game 3:
I am currently playing against geriatric_agent and TA -- Increment
geriatric_agent set up their Lemonade Stand at Location 0 99 times, Location 1 0 times, Location 2 0 times, Location 3 0 times, Location 4 1 times, Location 5 0 times, Location 6 0 times, Location 7 0 times, Location 8 0 times, Location 9 0 times, Location 10 0 times, and Location 11 0 times.
geriatric_agent got a total utility of 823 and a average utility of 8.23
Game 4:
I am currently playing against geriatric_agent and AK
geriatric_agent set up their Lemonade Stand at Location 0 99 times, Location 1 0 times, Location 2 0 times, Location 3 0 times, Location 4 0 times, Location 5 1 times, Location 6 0 times, Location 7 0 times, Location 8 0 times, Location 9 0 times, Location 10 0 times, and Location 11 0 times.
geriatric_agent got a total utility of 801 and a average utility of 8.01
Game 5:
I am currently playing against geriatric_agent and TA -- Increment
geriatric_agent set up their Lemonade Stand at Location 0 99 times, Location 1 0 times, Location 2 1 times, Location 3 0 times, Location 4 0 times, Location 5 0 times, Location 6 0 times, Location 7 0 times, Location 8 0 times, Location 9 0 times, Location 10 0 times, and Location 11 0 times.
geriatric_agent got a total utility of 780 and a average utility of 7.8
Game 6:
I am currently playing against geriatric_agent and Worst Agent Ever
geriatric_agent set up their Lemonade Stand at Location 0 99 times, Location 1 0 times, Location 2 0 times, Location 3 0 times, Location 4 0 times, Location 5 0 times, Location 6 1 times, Location 7 0 times, Location 8 0 times, Location 9 0 times, Location 10 0 times, and Location 11 0 times.
geriatric_agent got a total utility of 840 and a average utility of 8.4
Game 7:
I am currently playing against geriatric_agent and AK
geriatric_agent set up their Lemonade Stand at Location 0 99 times, Location 1 0 times, Location 2 0 times, Location 3 0 times, Location 4 0 times, Location 5 0 times, Location 6 0 times, Location 7 0 times, Location 8 0 times, Location 9 1 times, Location 10 0 times, and Location 11 0 times.
geriatric_agent got a total utility of 884 and a average utility of 8.84
Game 8:
I am currently playing against geriatric_agent and Max
geriatric_agent set up their Lemonade Stand at Location 0 100 times, Location 1 0 times, Location 2 0 times, Location 3 0 times, Location 4 0 times, Location 5 0 times, Location 6 0 times, Location 7 0 times, Location 8 0 times, Location 9 0 times, Location 10 0 times, and Location 11 0 times.
geriatric_agent got a total utility of 1099 and a average utility of 10.99
Game 9:
I am currently playing against geriatric_agent and RANDOM
geriatric_agent set up their Lemonade Stand at Location 0 100 times, Location 1 0 times, Location 2 0 times, Location 3 0 times, Location 4 0 times, Location 5 0 times, Location 6 0 times, Location 7 0 times, Location 8 0 times, Location 9 0 times, Location 10 0 times, and Location 11 0 times.
geriatric_agent got a total utility of 611 and a average utility of 6.11
Game 10:
I am currently playing against geriatric_agent and RANDOM
geriatric_agent set up their Lemonade Stand at Location 0 99 times, Location 1 1 times, Location 2 0 times, Location 3 0 times, Location 4 0 times, Location 5 0 times, Location 6 0 times, Location 7 0 times, Location 8 0 times, Location 9 0 times, Location 10 0 times, and Location 11 0 times.
geriatric_agent got a total utility of 604 and a average utility of 6.04
Game 11:
I am currently playing against geriatric_agent and lemon squeezy
geriatric_agent set up their Lemonade Stand at Location 0 99 times, Location 1 1 times, Location 2 0 times, Location 3 0 times, Location 4 0 times, Location 5 0 times, Location 6 0 times, Location 7 0 times, Location 8 0 times, Location 9 0 times, Location 10 0 times, and Location 11 0 times.
geriatric_agent got a total utility of 711 and a average utility of 7.11
Game 12:
I am currently playing against geriatric_agent and chill guy 2.0
geriatric_agent set up their Lemonade Stand at Location 0 99 times, Location 1 0 times, Location 2 0 times, Location 3 0 times, Location 4 0 times, Location 5 0 times, Location 6 0 times, Location 7 0 times, Location 8 0 times, Location 9 0 times, Location 10 0 times, and Location 11 1 times.
geriatric_agent got a total utility of 1185 and a average utility of 11.85
Game 13:
I am currently playing against geriatric_agent and shroobie
geriatric_agent set up their Lemonade Stand at Location 0 99 times, Location 1 0 times, Location 2 0 times, Location 3 0 times, Location 4 0 times, Location 5 0 times, Location 6 0 times, Location 7 0 times, Location 8 0 times, Location 9 0 times, Location 10 0 times, and Location 11 1 times.
geriatric_agent got a total utility of 441 and a average utility of 4.41
Game 14:
I am currently playing against geriatric_agent and TA -- Reserve Agent
geriatric_agent set up their Lemonade Stand at Location 0 99 times, Location 1 0 times, Location 2 0 times, Location 3 0 times, Location 4 1 times, Location 5 0 times, Location 6 0 times, Location 7 0 times, Location 8 0 times, Location 9 0 times, Location 10 0 times, and Location 11 0 times.
geriatric_agent got a total utility of 306 and a average utility of 3.06
Game 15:
I am currently playing against geriatric_agent and kevbot
geriatric_agent set up their Lemonade Stand at Location 0 99 times, Location 1 0 times, Location 2 0 times, Location 3 0 times, Location 4 1 times, Location 5 0 times, Location 6 0 times, Location 7 0 times, Location 8 0 times, Location 9 0 times, Location 10 0 times, and Location 11 0 times.
geriatric_agent got a total utility of 700 and a average utility of 7.0
Game 16:
I am currently playing against geriatric_agent and secret_agent_man
geriatric_agent set up their Lemonade Stand at Location 0 99 times, Location 1 1 times, Location 2 0 times, Location 3 0 times, Location 4 0 times, Location 5 0 times, Location 6 0 times, Location 7 0 times, Location 8 0 times, Location 9 0 times, Location 10 0 times, and Location 11 0 times.
geriatric_agent got a total utility of 789 and a average utility of 7.89
Game 17:
I am currently playing against geriatric_agent and SmartyPants
geriatric_agent set up their Lemonade Stand at Location 0 99 times, Location 1 0 times, Location 2 0 times, Location 3 0 times, Location 4 0 times, Location 5 1 times, Location 6 0 times, Location 7 0 times, Location 8 0 times, Location 9 0 times, Location 10 0 times, and Location 11 0 times.
geriatric_agent got a total utility of 650 and a average utility of 6.5
Game 18:
I am currently playing against geriatric_agent and Acheron
geriatric_agent set up their Lemonade Stand at Location 0 99 times, Location 1 0 times, Location 2 0 times, Location 3 0 times, Location 4 0 times, Location 5 0 times, Location 6 1 times, Location 7 0 times, Location 8 0 times, Location 9 0 times, Location 10 0 times, and Location 11 0 times.
geriatric_agent got a total utility of 534 and a average utility of 5.34
Game 19:
I am currently playing against geriatric_agent and TA -- Increment
geriatric_agent set up their Lemonade Stand at Location 0 99 times, Location 1 0 times, Location 2 0 times, Location 3 0 times, Location 4 0 times, Location 5 0 times, Location 6 0 times, Location 7 0 times, Location 8 0 times, Location 9 1 times, Location 10 0 times, and Location 11 0 times.
geriatric_agent got a total utility of 810 and a average utility of 8.1
Game 20:
I am currently playing against geriatric_agent and Worst Agent Ever
geriatric_agent set up their Lemonade Stand at Location 0 99 times, Location 1 0 times, Location 2 0 times, Location 3 0 times, Location 4 0 times, Location 5 0 times, Location 6 0 times, Location 7 0 times, Location 8 0 times, Location 9 0 times, Location 10 1 times, and Location 11 0 times.
geriatric_agent got a total utility of 797 and a average utility of 7.97
Game 21:
I am currently playing against geriatric_agent and eugene
geriatric_agent set up their Lemonade Stand at Location 0 99 times, Location 1 0 times, Location 2 1 times, Location 3 0 times, Location 4 0 times, Location 5 0 times, Location 6 0 times, Location 7 0 times, Location 8 0 times, Location 9 0 times, Location 10 0 times, and Location 11 0 times.
geriatric_agent got a total utility of 819 and a average utility of 8.19
Game 22:
I am currently playing against geriatric_agent and TA -- Increment
geriatric_agent set up their Lemonade Stand at Location 0 99 times, Location 1 0 times, Location 2 0 times, Location 3 0 times, Location 4 0 times, Location 5 1 times, Location 6 0 times, Location 7 0 times, Location 8 0 times, Location 9 0 times, Location 10 0 times, and Location 11 0 times.
geriatric_agent got a total utility of 862 and a average utility of 8.62
Traceback (most recent call last):
  File "/ifs/CS/courses/cs1440/ta/agt-server-remastered/src/agt_server/agents/test_agents/lemonade_2025/4229556/submission/my_agent.py", line 46, in <module>
    agent_submission.connect(ip=args.ip, port=args.port)
  File "/ifs/CS/courses/cs1440/ta/agt-server-remastered/.venv2/lib/python3.11/site-packages/agt_server/agents/base_agents/agent.py", line 68, in connect
    self.play()
  File "/ifs/CS/courses/cs1440/ta/agt-server-remastered/.venv2/lib/python3.11/site-packages/agt_server/agents/base_agents/lemonade_agent.py", line 126, in play
    self.update()
  File "/ifs/CS/courses/cs1440/ta/agt-server-remastered/src/agt_server/agents/test_agents/lemonade_2025/4229556/submission/q_learning.py", line 96, in update
    self.update_rule(my_last_util)
  File "/ifs/CS/courses/cs1440/ta/agt-server-remastered/src/agt_server/agents/test_agents/lemonade_2025/4229556/submission/q_learning.py", line 88, in update_rule
    np.max(self.q[self.s_prime]) - self.q[self.s, self.a])
           ~~~~~~^^^^^^^^^^^^^^
IndexError: index 801 is out of bounds for axis 0 with size 729
