My name is shroobie
We are playing Lemonade Stand
Game 1:
I am currently playing against random and Ilan
shroobie set up their Lemonade Stand at Location 0 0 times, Location 1 3 times, Location 2 1 times, Location 3 76 times, Location 4 3 times, Location 5 4 times, Location 6 7 times, Location 7 1 times, Location 8 0 times, Location 9 1 times, Location 10 2 times, and Location 11 2 times.
shroobie got a total utility of 1061 and a average utility of 10.61
Game 2:
I am currently playing against random and TA -- Decrementing
shroobie set up their Lemonade Stand at Location 0 2 times, Location 1 3 times, Location 2 15 times, Location 3 2 times, Location 4 60 times, Location 5 1 times, Location 6 15 times, Location 7 1 times, Location 8 1 times, Location 9 0 times, Location 10 0 times, and Location 11 0 times.
shroobie got a total utility of 874 and a average utility of 8.74
Game 3:
I am currently playing against random and SmartyPants
shroobie set up their Lemonade Stand at Location 0 5 times, Location 1 2 times, Location 2 1 times, Location 3 36 times, Location 4 5 times, Location 5 21 times, Location 6 19 times, Location 7 1 times, Location 8 2 times, Location 9 1 times, Location 10 5 times, and Location 11 2 times.
shroobie got a total utility of 959 and a average utility of 9.59
Game 4:
I am currently playing against random and chill_guy2.1
shroobie set up their Lemonade Stand at Location 0 9 times, Location 1 14 times, Location 2 5 times, Location 3 6 times, Location 4 29 times, Location 5 4 times, Location 6 3 times, Location 7 1 times, Location 8 5 times, Location 9 5 times, Location 10 12 times, and Location 11 7 times.
shroobie got a total utility of 811 and a average utility of 8.11
Game 5:
I am currently playing against random and chill guy 2.0
shroobie set up their Lemonade Stand at Location 0 2 times, Location 1 3 times, Location 2 17 times, Location 3 4 times, Location 4 23 times, Location 5 6 times, Location 6 17 times, Location 7 0 times, Location 8 5 times, Location 9 1 times, Location 10 6 times, and Location 11 16 times.
shroobie got a total utility of 845 and a average utility of 8.45
Traceback (most recent call last):
  File "/ifs/CS/courses/cs1440/ta/agt-server-remastered/src/agt_server/agents/test_agents/lemonade_2025/5240943/submission/lab04-stencil (Copy)/my_agent.py", line 72, in <module>
    agent_submission.connect(ip=args.ip, port=args.port)
  File "/ifs/CS/courses/cs1440/ta/agt-server-remastered/.venv2/lib/python3.11/site-packages/agt_server/agents/base_agents/agent.py", line 68, in connect
    self.play()
  File "/ifs/CS/courses/cs1440/ta/agt-server-remastered/.venv2/lib/python3.11/site-packages/agt_server/agents/base_agents/lemonade_agent.py", line 126, in play
    self.update()
  File "/ifs/CS/courses/cs1440/ta/agt-server-remastered/src/agt_server/agents/test_agents/lemonade_2025/5240943/submission/lab04-stencil (Copy)/q_learning.py", line 66, in update
    self.update_rule(my_last_util)
  File "/ifs/CS/courses/cs1440/ta/agt-server-remastered/src/agt_server/agents/test_agents/lemonade_2025/5240943/submission/lab04-stencil (Copy)/q_learning.py", line 60, in update_rule
    with open(self.save_path, 'wb') as saved_q_table:
         ^^^^^^^^^^^^^^^^^^^^^^^^^^
PermissionError: [Errno 13] Permission denied: './my-qtable.npy'
