My name is agent agent
We are playing Lemonade Stand
Game 1:
I am currently playing against zubsmones and Mike&Jade bot
agent agent set up their Lemonade Stand at Location 0 0 times, Location 1 0 times, Location 2 0 times, Location 3 0 times, Location 4 0 times, Location 5 0 times, Location 6 90 times, Location 7 10 times, Location 8 0 times, Location 9 0 times, Location 10 0 times, and Location 11 0 times.
agent agent got a total utility of 979 and a average utility of 9.79
Game 2:
I am currently playing against agent agent and friedrice
agent agent set up their Lemonade Stand at Location 0 0 times, Location 1 0 times, Location 2 52 times, Location 3 0 times, Location 4 0 times, Location 5 0 times, Location 6 26 times, Location 7 10 times, Location 8 0 times, Location 9 0 times, Location 10 12 times, and Location 11 0 times.
agent agent got a total utility of 869 and a average utility of 8.69
Game 3:
I am currently playing against Mike&Jade bot and kevbot
agent agent set up their Lemonade Stand at Location 0 0 times, Location 1 0 times, Location 2 0 times, Location 3 0 times, Location 4 0 times, Location 5 0 times, Location 6 90 times, Location 7 10 times, Location 8 0 times, Location 9 0 times, Location 10 0 times, and Location 11 0 times.
agent agent got a total utility of 1063 and a average utility of 10.63
Game 4:
I am currently playing against zubsmones and kevbot
agent agent set up their Lemonade Stand at Location 0 0 times, Location 1 0 times, Location 2 0 times, Location 3 0 times, Location 4 0 times, Location 5 0 times, Location 6 90 times, Location 7 10 times, Location 8 0 times, Location 9 0 times, Location 10 0 times, and Location 11 0 times.
agent agent got a total utility of 978 and a average utility of 9.78
Game 5:
I am currently playing against agent agent and SmartyPants
agent agent set up their Lemonade Stand at Location 0 0 times, Location 1 0 times, Location 2 0 times, Location 3 0 times, Location 4 0 times, Location 5 0 times, Location 6 42 times, Location 7 10 times, Location 8 0 times, Location 9 0 times, Location 10 48 times, and Location 11 0 times.
agent agent got a total utility of 656 and a average utility of 6.56
Game 6:
I am currently playing against Mike&Jade bot and KPAgent
agent agent set up their Lemonade Stand at Location 0 0 times, Location 1 0 times, Location 2 0 times, Location 3 0 times, Location 4 0 times, Location 5 0 times, Location 6 90 times, Location 7 10 times, Location 8 0 times, Location 9 0 times, Location 10 0 times, and Location 11 0 times.
agent agent got a total utility of 1086 and a average utility of 10.86
Game 7:
I am currently playing against agent agent and shroobie
agent agent set up their Lemonade Stand at Location 0 0 times, Location 1 0 times, Location 2 26 times, Location 3 0 times, Location 4 0 times, Location 5 0 times, Location 6 22 times, Location 7 10 times, Location 8 0 times, Location 9 0 times, Location 10 42 times, and Location 11 0 times.
agent agent got a total utility of 910 and a average utility of 9.1
Game 8:
I am currently playing against agent agent and Ilan
agent agent set up their Lemonade Stand at Location 0 0 times, Location 1 0 times, Location 2 20 times, Location 3 0 times, Location 4 0 times, Location 5 0 times, Location 6 56 times, Location 7 10 times, Location 8 0 times, Location 9 0 times, Location 10 14 times, and Location 11 0 times.
agent agent got a total utility of 849 and a average utility of 8.49
Game 9:
I am currently playing against zubsmones and Little Lemonade
agent agent set up their Lemonade Stand at Location 0 0 times, Location 1 0 times, Location 2 0 times, Location 3 0 times, Location 4 0 times, Location 5 0 times, Location 6 90 times, Location 7 10 times, Location 8 0 times, Location 9 0 times, Location 10 0 times, and Location 11 0 times.
agent agent got a total utility of 915 and a average utility of 9.15
Game 10:
I am currently playing against zubsmones and eugene
agent agent set up their Lemonade Stand at Location 0 0 times, Location 1 0 times, Location 2 82 times, Location 3 0 times, Location 4 0 times, Location 5 0 times, Location 6 8 times, Location 7 10 times, Location 8 0 times, Location 9 0 times, Location 10 0 times, and Location 11 0 times.
agent agent got a total utility of 836 and a average utility of 8.36
Game 11:
I am currently playing against zubsmones and simple util learner
agent agent set up their Lemonade Stand at Location 0 0 times, Location 1 0 times, Location 2 0 times, Location 3 0 times, Location 4 0 times, Location 5 0 times, Location 6 90 times, Location 7 10 times, Location 8 0 times, Location 9 0 times, Location 10 0 times, and Location 11 0 times.
agent agent got a total utility of 909 and a average utility of 9.09
Game 12:
I am currently playing against zubsmones and RANDOM
agent agent set up their Lemonade Stand at Location 0 0 times, Location 1 0 times, Location 2 21 times, Location 3 0 times, Location 4 0 times, Location 5 0 times, Location 6 0 times, Location 7 10 times, Location 8 0 times, Location 9 0 times, Location 10 69 times, and Location 11 0 times.
agent agent got a total utility of 799 and a average utility of 7.99
Game 13:
I am currently playing against zubsmones and KPAgent
agent agent set up their Lemonade Stand at Location 0 0 times, Location 1 0 times, Location 2 0 times, Location 3 0 times, Location 4 0 times, Location 5 0 times, Location 6 90 times, Location 7 10 times, Location 8 0 times, Location 9 0 times, Location 10 0 times, and Location 11 0 times.
agent agent got a total utility of 992 and a average utility of 9.92
Game 14:
I am currently playing against zubsmones and TA -- Reserve Agent
agent agent set up their Lemonade Stand at Location 0 0 times, Location 1 0 times, Location 2 0 times, Location 3 0 times, Location 4 0 times, Location 5 0 times, Location 6 90 times, Location 7 10 times, Location 8 0 times, Location 9 0 times, Location 10 0 times, and Location 11 0 times.
agent agent got a total utility of 888 and a average utility of 8.88
Game 15:
I am currently playing against zubsmones and Gary
agent agent set up their Lemonade Stand at Location 0 0 times, Location 1 0 times, Location 2 0 times, Location 3 0 times, Location 4 0 times, Location 5 0 times, Location 6 90 times, Location 7 10 times, Location 8 0 times, Location 9 0 times, Location 10 0 times, and Location 11 0 times.
agent agent got a total utility of 971 and a average utility of 9.71
Game 16:
I am currently playing against zubsmones and Acheron
agent agent set up their Lemonade Stand at Location 0 0 times, Location 1 0 times, Location 2 0 times, Location 3 0 times, Location 4 0 times, Location 5 0 times, Location 6 90 times, Location 7 10 times, Location 8 0 times, Location 9 0 times, Location 10 0 times, and Location 11 0 times.
agent agent got a total utility of 998 and a average utility of 9.98
Game 17:
I am currently playing against zubsmones and secret_agent_man
agent agent set up their Lemonade Stand at Location 0 0 times, Location 1 0 times, Location 2 0 times, Location 3 0 times, Location 4 0 times, Location 5 0 times, Location 6 90 times, Location 7 10 times, Location 8 0 times, Location 9 0 times, Location 10 0 times, and Location 11 0 times.
agent agent got a total utility of 798 and a average utility of 7.98
Game 18:
I am currently playing against zubsmones and TA -- Increment
agent agent set up their Lemonade Stand at Location 0 0 times, Location 1 0 times, Location 2 0 times, Location 3 0 times, Location 4 0 times, Location 5 0 times, Location 6 90 times, Location 7 10 times, Location 8 0 times, Location 9 0 times, Location 10 0 times, and Location 11 0 times.
agent agent got a total utility of 872 and a average utility of 8.72
Game 19:
I am currently playing against zubsmones and Max
agent agent set up their Lemonade Stand at Location 0 0 times, Location 1 0 times, Location 2 0 times, Location 3 0 times, Location 4 0 times, Location 5 0 times, Location 6 90 times, Location 7 10 times, Location 8 0 times, Location 9 0 times, Location 10 0 times, and Location 11 0 times.
agent agent got a total utility of 932 and a average utility of 9.32
Game 20:
I am currently playing against zubsmones and Simple Mover
agent agent set up their Lemonade Stand at Location 0 0 times, Location 1 0 times, Location 2 18 times, Location 3 0 times, Location 4 0 times, Location 5 0 times, Location 6 49 times, Location 7 10 times, Location 8 0 times, Location 9 0 times, Location 10 23 times, and Location 11 0 times.
agent agent got a total utility of 688 and a average utility of 6.88
Traceback (most recent call last):
  File "/ifs/CS/courses/cs1440/ta/agt-server-remastered/src/agt_server/agents/test_agents/lemonade_2025/5245470/submission/my_agent.py", line 55, in <module>
    agent_submission.connect(ip=args.ip, port=args.port)
  File "/ifs/CS/courses/cs1440/ta/agt-server-remastered/.venv2/lib/python3.11/site-packages/agt_server/agents/base_agents/agent.py", line 68, in connect
    self.play()
  File "/ifs/CS/courses/cs1440/ta/agt-server-remastered/.venv2/lib/python3.11/site-packages/agt_server/agents/base_agents/lemonade_agent.py", line 126, in play
    self.update()
  File "/ifs/CS/courses/cs1440/ta/agt-server-remastered/src/agt_server/agents/test_agents/lemonade_2025/5245470/submission/my_agent.py", line 30, in update
    self.counts[opp2_action] += 1
    ~~~~~~~~~~~^^^^^^^^^^^^^
KeyError: -1
