My name is zubin
We are playing Lemonade Stand
Game 1:
I am currently playing against Gary and zubin
zubin set up their Lemonade Stand at Location 0 7 times, Location 1 1 times, Location 2 0 times, Location 3 0 times, Location 4 35 times, Location 5 44 times, Location 6 2 times, Location 7 2 times, Location 8 0 times, Location 9 0 times, Location 10 0 times, and Location 11 9 times.
zubin got a total utility of 849 and a average utility of 8.49
Game 2:
I am currently playing against RANDOM and zubin
zubin set up their Lemonade Stand at Location 0 100 times, Location 1 0 times, Location 2 0 times, Location 3 0 times, Location 4 0 times, Location 5 0 times, Location 6 0 times, Location 7 0 times, Location 8 0 times, Location 9 0 times, Location 10 0 times, and Location 11 0 times.
zubin got a total utility of 952 and a average utility of 9.52
Game 3:
I am currently playing against zubin and eugene
zubin set up their Lemonade Stand at Location 0 9 times, Location 1 6 times, Location 2 8 times, Location 3 7 times, Location 4 11 times, Location 5 12 times, Location 6 8 times, Location 7 5 times, Location 8 10 times, Location 9 9 times, Location 10 9 times, and Location 11 6 times.
zubin got a total utility of 805 and a average utility of 8.05
Game 4:
I am currently playing against zubin and RANDOM
zubin set up their Lemonade Stand at Location 0 100 times, Location 1 0 times, Location 2 0 times, Location 3 0 times, Location 4 0 times, Location 5 0 times, Location 6 0 times, Location 7 0 times, Location 8 0 times, Location 9 0 times, Location 10 0 times, and Location 11 0 times.
zubin got a total utility of 352 and a average utility of 3.52
Game 5:
I am currently playing against Gary and zubin
zubin set up their Lemonade Stand at Location 0 4 times, Location 1 0 times, Location 2 0 times, Location 3 11 times, Location 4 0 times, Location 5 2 times, Location 6 20 times, Location 7 2 times, Location 8 61 times, Location 9 0 times, Location 10 0 times, and Location 11 0 times.
zubin got a total utility of 917 and a average utility of 9.17
Game 6:
I am currently playing against RANDOM and zubin
zubin set up their Lemonade Stand at Location 0 100 times, Location 1 0 times, Location 2 0 times, Location 3 0 times, Location 4 0 times, Location 5 0 times, Location 6 0 times, Location 7 0 times, Location 8 0 times, Location 9 0 times, Location 10 0 times, and Location 11 0 times.
zubin got a total utility of 603 and a average utility of 6.03
Game 7:
I am currently playing against PLEASE NAME ME D: and Worst Agent Ever
zubin set up their Lemonade Stand at Location 0 5 times, Location 1 3 times, Location 2 2 times, Location 3 12 times, Location 4 8 times, Location 5 6 times, Location 6 19 times, Location 7 9 times, Location 8 14 times, Location 9 6 times, Location 10 10 times, and Location 11 6 times.
zubin got a total utility of 765 and a average utility of 7.65
Game 8:
I am currently playing against PLEASE NAME ME D: and secret_agent_man
zubin set up their Lemonade Stand at Location 0 13 times, Location 1 0 times, Location 2 7 times, Location 3 0 times, Location 4 1 times, Location 5 0 times, Location 6 1 times, Location 7 0 times, Location 8 12 times, Location 9 58 times, Location 10 0 times, and Location 11 8 times.
zubin got a total utility of 922 and a average utility of 9.22
Game 9:
I am currently playing against Gary and zubin
zubin set up their Lemonade Stand at Location 0 4 times, Location 1 0 times, Location 2 0 times, Location 3 75 times, Location 4 5 times, Location 5 0 times, Location 6 3 times, Location 7 0 times, Location 8 0 times, Location 9 0 times, Location 10 13 times, and Location 11 0 times.
zubin got a total utility of 736 and a average utility of 7.36
Game 10:
I am currently playing against RANDOM and zubin
zubin set up their Lemonade Stand at Location 0 100 times, Location 1 0 times, Location 2 0 times, Location 3 0 times, Location 4 0 times, Location 5 0 times, Location 6 0 times, Location 7 0 times, Location 8 0 times, Location 9 0 times, Location 10 0 times, and Location 11 0 times.
zubin got a total utility of 1004 and a average utility of 10.04
Game 11:
I am currently playing against zubin and Mike&Jade bot
zubin set up their Lemonade Stand at Location 0 24 times, Location 1 34 times, Location 2 25 times, Location 3 12 times, Location 4 1 times, Location 5 0 times, Location 6 3 times, Location 7 0 times, Location 8 0 times, Location 9 0 times, Location 10 0 times, and Location 11 1 times.
zubin got a total utility of 812 and a average utility of 8.12
Game 12:
I am currently playing against zubin and TA -- Reserve Agent
zubin set up their Lemonade Stand at Location 0 100 times, Location 1 0 times, Location 2 0 times, Location 3 0 times, Location 4 0 times, Location 5 0 times, Location 6 0 times, Location 7 0 times, Location 8 0 times, Location 9 0 times, Location 10 0 times, and Location 11 0 times.
zubin got a total utility of 500 and a average utility of 5.0
Game 13:
I am currently playing against zubin and chill guy 2.0
zubin set up their Lemonade Stand at Location 0 2 times, Location 1 0 times, Location 2 0 times, Location 3 0 times, Location 4 50 times, Location 5 0 times, Location 6 1 times, Location 7 0 times, Location 8 0 times, Location 9 0 times, Location 10 47 times, and Location 11 0 times.
zubin got a total utility of 813 and a average utility of 8.13
Game 14:
I am currently playing against zubin and lemon squeezy
zubin set up their Lemonade Stand at Location 0 11 times, Location 1 7 times, Location 2 8 times, Location 3 2 times, Location 4 17 times, Location 5 3 times, Location 6 17 times, Location 7 9 times, Location 8 2 times, Location 9 12 times, Location 10 5 times, and Location 11 7 times.
zubin got a total utility of 801 and a average utility of 8.01
Game 15:
I am currently playing against zubin and TA -- Sticky Agent
zubin set up their Lemonade Stand at Location 0 100 times, Location 1 0 times, Location 2 0 times, Location 3 0 times, Location 4 0 times, Location 5 0 times, Location 6 0 times, Location 7 0 times, Location 8 0 times, Location 9 0 times, Location 10 0 times, and Location 11 0 times.
zubin got a total utility of 920 and a average utility of 9.2
Game 16:
I am currently playing against zubin and Ilan
zubin set up their Lemonade Stand at Location 0 19 times, Location 1 0 times, Location 2 0 times, Location 3 0 times, Location 4 0 times, Location 5 0 times, Location 6 66 times, Location 7 15 times, Location 8 0 times, Location 9 0 times, Location 10 0 times, and Location 11 0 times.
zubin got a total utility of 857 and a average utility of 8.57
Game 17:
I am currently playing against zubin and TA -- Reserve Agent
zubin set up their Lemonade Stand at Location 0 100 times, Location 1 0 times, Location 2 0 times, Location 3 0 times, Location 4 0 times, Location 5 0 times, Location 6 0 times, Location 7 0 times, Location 8 0 times, Location 9 0 times, Location 10 0 times, and Location 11 0 times.
zubin got a total utility of 1096 and a average utility of 10.96
Game 18:
I am currently playing against RANDOM and zubin
zubin set up their Lemonade Stand at Location 0 82 times, Location 1 0 times, Location 2 0 times, Location 3 0 times, Location 4 0 times, Location 5 0 times, Location 6 0 times, Location 7 18 times, Location 8 0 times, Location 9 0 times, Location 10 0 times, and Location 11 0 times.
zubin got a total utility of 765 and a average utility of 7.65
Game 19:
I am currently playing against simple util learner and zubin
zubin set up their Lemonade Stand at Location 0 10 times, Location 1 4 times, Location 2 6 times, Location 3 10 times, Location 4 10 times, Location 5 11 times, Location 6 8 times, Location 7 7 times, Location 8 7 times, Location 9 7 times, Location 10 12 times, and Location 11 8 times.
zubin got a total utility of 867 and a average utility of 8.67
Game 20:
I am currently playing against PLEASE NAME ME D: and Acheron
zubin set up their Lemonade Stand at Location 0 3 times, Location 1 0 times, Location 2 0 times, Location 3 0 times, Location 4 0 times, Location 5 97 times, Location 6 0 times, Location 7 0 times, Location 8 0 times, Location 9 0 times, Location 10 0 times, and Location 11 0 times.
zubin got a total utility of 986 and a average utility of 9.86
Game 21:
I am currently playing against zubin and Little Lemonade
zubin set up their Lemonade Stand at Location 0 9 times, Location 1 17 times, Location 2 7 times, Location 3 6 times, Location 4 3 times, Location 5 24 times, Location 6 10 times, Location 7 5 times, Location 8 12 times, Location 9 2 times, Location 10 3 times, and Location 11 2 times.
zubin got a total utility of 704 and a average utility of 7.04
Traceback (most recent call last):
  File "/ifs/CS/courses/cs1440/ta/agt-server-remastered/src/agt_server/agents/test_agents/lemonade_2025/5590340/submission/my_agent.py", line 46, in <module>
    agent_submission.connect(ip=args.ip, port=args.port)
  File "/ifs/CS/courses/cs1440/ta/agt-server-remastered/.venv2/lib/python3.11/site-packages/agt_server/agents/base_agents/agent.py", line 68, in connect
    self.play()
  File "/ifs/CS/courses/cs1440/ta/agt-server-remastered/.venv2/lib/python3.11/site-packages/agt_server/agents/base_agents/lemonade_agent.py", line 77, in play
    action = self.get_action()
             ^^^^^^^^^^^^^^^^^
  File "/ifs/CS/courses/cs1440/ta/agt-server-remastered/src/agt_server/agents/test_agents/lemonade_2025/5590340/submission/my_lemonade_agent.py", line 47, in get_action
    fij = max(fi, fj)
          ^^^^^^^^^^^
TypeError: '>' not supported between instances of 'complex' and 'float'
