My name is lemon squeezy
We are playing Lemonade Stand
Game 1:
I am currently playing against lemon squeezy and chill guy 2.0
lemon squeezy set up their Lemonade Stand at Location 0 1 times, Location 1 2 times, Location 2 0 times, Location 3 1 times, Location 4 0 times, Location 5 0 times, Location 6 23 times, Location 7 1 times, Location 8 25 times, Location 9 2 times, Location 10 23 times, and Location 11 22 times.
lemon squeezy got a total utility of 983 and a average utility of 9.83
Game 2:
I am currently playing against friedrice and lemon squeezy
lemon squeezy set up their Lemonade Stand at Location 0 11 times, Location 1 10 times, Location 2 1 times, Location 3 11 times, Location 4 6 times, Location 5 15 times, Location 6 4 times, Location 7 10 times, Location 8 13 times, Location 9 12 times, Location 10 7 times, and Location 11 0 times.
lemon squeezy got a total utility of 733 and a average utility of 7.33
Game 3:
I am currently playing against friedrice and lemon squeezy
lemon squeezy set up their Lemonade Stand at Location 0 7 times, Location 1 10 times, Location 2 0 times, Location 3 15 times, Location 4 14 times, Location 5 4 times, Location 6 7 times, Location 7 17 times, Location 8 10 times, Location 9 10 times, Location 10 0 times, and Location 11 6 times.
lemon squeezy got a total utility of 790 and a average utility of 7.9
Game 4:
I am currently playing against friedrice and lemon squeezy
lemon squeezy set up their Lemonade Stand at Location 0 8 times, Location 1 12 times, Location 2 0 times, Location 3 16 times, Location 4 11 times, Location 5 4 times, Location 6 5 times, Location 7 9 times, Location 8 20 times, Location 9 10 times, Location 10 3 times, and Location 11 2 times.
lemon squeezy got a total utility of 873 and a average utility of 8.73
Game 5:
I am currently playing against lemon squeezy and Ilan
lemon squeezy set up their Lemonade Stand at Location 0 2 times, Location 1 1 times, Location 2 0 times, Location 3 0 times, Location 4 0 times, Location 5 0 times, Location 6 4 times, Location 7 30 times, Location 8 4 times, Location 9 4 times, Location 10 29 times, and Location 11 26 times.
lemon squeezy got a total utility of 803 and a average utility of 8.03
Game 6:
I am currently playing against lemon squeezy and shroobie
lemon squeezy set up their Lemonade Stand at Location 0 13 times, Location 1 6 times, Location 2 2 times, Location 3 2 times, Location 4 7 times, Location 5 12 times, Location 6 20 times, Location 7 3 times, Location 8 7 times, Location 9 4 times, Location 10 13 times, and Location 11 11 times.
lemon squeezy got a total utility of 761 and a average utility of 7.61
Game 7:
I am currently playing against Mike&Jade bot and kevbot
lemon squeezy set up their Lemonade Stand at Location 0 11 times, Location 1 21 times, Location 2 5 times, Location 3 1 times, Location 4 5 times, Location 5 1 times, Location 6 29 times, Location 7 10 times, Location 8 6 times, Location 9 3 times, Location 10 7 times, and Location 11 1 times.
lemon squeezy got a total utility of 806 and a average utility of 8.06
Game 8:
I am currently playing against lemon squeezy and SmartyPants
lemon squeezy set up their Lemonade Stand at Location 0 0 times, Location 1 0 times, Location 2 1 times, Location 3 0 times, Location 4 1 times, Location 5 0 times, Location 6 0 times, Location 7 32 times, Location 8 1 times, Location 9 0 times, Location 10 33 times, and Location 11 32 times.
lemon squeezy got a total utility of 726 and a average utility of 7.26
Game 9:
I am currently playing against friedrice and lemon squeezy
lemon squeezy set up their Lemonade Stand at Location 0 2 times, Location 1 8 times, Location 2 1 times, Location 3 8 times, Location 4 1 times, Location 5 14 times, Location 6 22 times, Location 7 23 times, Location 8 1 times, Location 9 17 times, Location 10 3 times, and Location 11 0 times.
lemon squeezy got a total utility of 661 and a average utility of 6.61
Game 10:
I am currently playing against friedrice and lemon squeezy
lemon squeezy set up their Lemonade Stand at Location 0 12 times, Location 1 10 times, Location 2 0 times, Location 3 12 times, Location 4 5 times, Location 5 10 times, Location 6 6 times, Location 7 11 times, Location 8 11 times, Location 9 11 times, Location 10 10 times, and Location 11 2 times.
lemon squeezy got a total utility of 840 and a average utility of 8.4
Game 11:
I am currently playing against friedrice and lemon squeezy
lemon squeezy set up their Lemonade Stand at Location 0 10 times, Location 1 11 times, Location 2 0 times, Location 3 8 times, Location 4 7 times, Location 5 8 times, Location 6 6 times, Location 7 15 times, Location 8 6 times, Location 9 16 times, Location 10 6 times, and Location 11 7 times.
lemon squeezy got a total utility of 749 and a average utility of 7.49
Game 12:
I am currently playing against friedrice and lemon squeezy
lemon squeezy set up their Lemonade Stand at Location 0 8 times, Location 1 8 times, Location 2 2 times, Location 3 13 times, Location 4 14 times, Location 5 11 times, Location 6 3 times, Location 7 7 times, Location 8 14 times, Location 9 17 times, Location 10 3 times, and Location 11 0 times.
lemon squeezy got a total utility of 794 and a average utility of 7.94
Game 13:
I am currently playing against friedrice and lemon squeezy
lemon squeezy set up their Lemonade Stand at Location 0 0 times, Location 1 0 times, Location 2 1 times, Location 3 0 times, Location 4 0 times, Location 5 0 times, Location 6 0 times, Location 7 0 times, Location 8 1 times, Location 9 97 times, Location 10 1 times, and Location 11 0 times.
lemon squeezy got a total utility of 608 and a average utility of 6.08
Game 14:
I am currently playing against friedrice and lemon squeezy
lemon squeezy set up their Lemonade Stand at Location 0 18 times, Location 1 10 times, Location 2 0 times, Location 3 8 times, Location 4 7 times, Location 5 8 times, Location 6 12 times, Location 7 7 times, Location 8 5 times, Location 9 16 times, Location 10 4 times, and Location 11 5 times.
lemon squeezy got a total utility of 773 and a average utility of 7.73
Game 15:
I am currently playing against friedrice and lemon squeezy
lemon squeezy set up their Lemonade Stand at Location 0 10 times, Location 1 9 times, Location 2 0 times, Location 3 11 times, Location 4 11 times, Location 5 4 times, Location 6 8 times, Location 7 7 times, Location 8 8 times, Location 9 17 times, Location 10 10 times, and Location 11 5 times.
lemon squeezy got a total utility of 774 and a average utility of 7.74
Game 16:
I am currently playing against friedrice and lemon squeezy
lemon squeezy set up their Lemonade Stand at Location 0 3 times, Location 1 10 times, Location 2 0 times, Location 3 11 times, Location 4 0 times, Location 5 6 times, Location 6 10 times, Location 7 1 times, Location 8 1 times, Location 9 38 times, Location 10 17 times, and Location 11 3 times.
lemon squeezy got a total utility of 803 and a average utility of 8.03
Game 17:
I am currently playing against friedrice and lemon squeezy
lemon squeezy set up their Lemonade Stand at Location 0 12 times, Location 1 11 times, Location 2 0 times, Location 3 12 times, Location 4 3 times, Location 5 2 times, Location 6 10 times, Location 7 7 times, Location 8 14 times, Location 9 17 times, Location 10 9 times, and Location 11 3 times.
lemon squeezy got a total utility of 791 and a average utility of 7.91
Game 18:
I am currently playing against friedrice and lemon squeezy
lemon squeezy set up their Lemonade Stand at Location 0 7 times, Location 1 17 times, Location 2 0 times, Location 3 10 times, Location 4 6 times, Location 5 8 times, Location 6 3 times, Location 7 12 times, Location 8 14 times, Location 9 13 times, Location 10 10 times, and Location 11 0 times.
lemon squeezy got a total utility of 833 and a average utility of 8.33
Game 19:
I am currently playing against friedrice and lemon squeezy
lemon squeezy set up their Lemonade Stand at Location 0 24 times, Location 1 24 times, Location 2 0 times, Location 3 1 times, Location 4 0 times, Location 5 0 times, Location 6 24 times, Location 7 0 times, Location 8 1 times, Location 9 1 times, Location 10 0 times, and Location 11 25 times.
lemon squeezy got a total utility of 894 and a average utility of 8.94
Game 20:
I am currently playing against friedrice and lemon squeezy
lemon squeezy set up their Lemonade Stand at Location 0 5 times, Location 1 15 times, Location 2 0 times, Location 3 14 times, Location 4 3 times, Location 5 4 times, Location 6 8 times, Location 7 7 times, Location 8 13 times, Location 9 18 times, Location 10 13 times, and Location 11 0 times.
lemon squeezy got a total utility of 772 and a average utility of 7.72
Game 21:
I am currently playing against friedrice and lemon squeezy
lemon squeezy set up their Lemonade Stand at Location 0 8 times, Location 1 10 times, Location 2 1 times, Location 3 13 times, Location 4 6 times, Location 5 8 times, Location 6 5 times, Location 7 15 times, Location 8 4 times, Location 9 17 times, Location 10 8 times, and Location 11 5 times.
lemon squeezy got a total utility of 799 and a average utility of 7.99
Game 22:
I am currently playing against friedrice and lemon squeezy
lemon squeezy set up their Lemonade Stand at Location 0 13 times, Location 1 15 times, Location 2 0 times, Location 3 8 times, Location 4 7 times, Location 5 1 times, Location 6 17 times, Location 7 1 times, Location 8 10 times, Location 9 14 times, Location 10 4 times, and Location 11 10 times.
lemon squeezy got a total utility of 854 and a average utility of 8.54
Game 23:
I am currently playing against friedrice and lemon squeezy
lemon squeezy set up their Lemonade Stand at Location 0 1 times, Location 1 17 times, Location 2 0 times, Location 3 16 times, Location 4 8 times, Location 5 0 times, Location 6 16 times, Location 7 9 times, Location 8 1 times, Location 9 17 times, Location 10 15 times, and Location 11 0 times.
lemon squeezy got a total utility of 775 and a average utility of 7.75
Game 24:
I am currently playing against friedrice and lemon squeezy
lemon squeezy set up their Lemonade Stand at Location 0 7 times, Location 1 12 times, Location 2 0 times, Location 3 15 times, Location 4 10 times, Location 5 5 times, Location 6 7 times, Location 7 2 times, Location 8 12 times, Location 9 22 times, Location 10 6 times, and Location 11 2 times.
lemon squeezy got a total utility of 809 and a average utility of 8.09
Game 25:
I am currently playing against kevbot and KPAgent
lemon squeezy set up their Lemonade Stand at Location 0 17 times, Location 1 11 times, Location 2 0 times, Location 3 6 times, Location 4 7 times, Location 5 12 times, Location 6 12 times, Location 7 12 times, Location 8 7 times, Location 9 6 times, Location 10 6 times, and Location 11 4 times.
lemon squeezy got a total utility of 828 and a average utility of 8.28
Game 26:
I am currently playing against lemon squeezy and SmartyPants
lemon squeezy set up their Lemonade Stand at Location 0 6 times, Location 1 1 times, Location 2 0 times, Location 3 0 times, Location 4 0 times, Location 5 5 times, Location 6 12 times, Location 7 20 times, Location 8 4 times, Location 9 0 times, Location 10 26 times, and Location 11 26 times.
lemon squeezy got a total utility of 896 and a average utility of 8.96
Game 27:
I am currently playing against lemon squeezy and TA -- Decrementing
lemon squeezy set up their Lemonade Stand at Location 0 0 times, Location 1 2 times, Location 2 0 times, Location 3 1 times, Location 4 1 times, Location 5 0 times, Location 6 32 times, Location 7 0 times, Location 8 16 times, Location 9 16 times, Location 10 17 times, and Location 11 15 times.
lemon squeezy got a total utility of 710 and a average utility of 7.1
Game 28:
I am currently playing against friedrice and lemon squeezy
lemon squeezy set up their Lemonade Stand at Location 0 6 times, Location 1 8 times, Location 2 1 times, Location 3 3 times, Location 4 10 times, Location 5 33 times, Location 6 4 times, Location 7 9 times, Location 8 4 times, Location 9 16 times, Location 10 5 times, and Location 11 1 times.
lemon squeezy got a total utility of 636 and a average utility of 6.36
Game 29:
I am currently playing against friedrice and lemon squeezy
lemon squeezy set up their Lemonade Stand at Location 0 11 times, Location 1 16 times, Location 2 0 times, Location 3 10 times, Location 4 6 times, Location 5 0 times, Location 6 8 times, Location 7 1 times, Location 8 13 times, Location 9 22 times, Location 10 12 times, and Location 11 1 times.
lemon squeezy got a total utility of 780 and a average utility of 7.8
Game 30:
I am currently playing against Mike&Jade bot and KPAgent
lemon squeezy set up their Lemonade Stand at Location 0 11 times, Location 1 11 times, Location 2 5 times, Location 3 3 times, Location 4 2 times, Location 5 2 times, Location 6 36 times, Location 7 12 times, Location 8 8 times, Location 9 2 times, Location 10 8 times, and Location 11 0 times.
lemon squeezy got a total utility of 880 and a average utility of 8.8
Game 31:
I am currently playing against lemon squeezy and random
lemon squeezy set up their Lemonade Stand at Location 0 0 times, Location 1 0 times, Location 2 0 times, Location 3 33 times, Location 4 16 times, Location 5 0 times, Location 6 1 times, Location 7 16 times, Location 8 1 times, Location 9 16 times, Location 10 16 times, and Location 11 1 times.
lemon squeezy got a total utility of 881 and a average utility of 8.81
Game 32:
I am currently playing against lemon squeezy and shroobie
lemon squeezy set up their Lemonade Stand at Location 0 11 times, Location 1 17 times, Location 2 1 times, Location 3 15 times, Location 4 9 times, Location 5 6 times, Location 6 2 times, Location 7 8 times, Location 8 10 times, Location 9 13 times, Location 10 7 times, and Location 11 1 times.
lemon squeezy got a total utility of 711 and a average utility of 7.11
Game 33:
I am currently playing against chill guy 2.0 and lemon squeezy
lemon squeezy set up their Lemonade Stand at Location 0 10 times, Location 1 10 times, Location 2 0 times, Location 3 13 times, Location 4 5 times, Location 5 5 times, Location 6 8 times, Location 7 11 times, Location 8 13 times, Location 9 13 times, Location 10 11 times, and Location 11 1 times.
lemon squeezy got a total utility of 839 and a average utility of 8.39
Game 34:
I am currently playing against chill guy 2.0 and lemon squeezy
lemon squeezy set up their Lemonade Stand at Location 0 26 times, Location 1 5 times, Location 2 0 times, Location 3 9 times, Location 4 2 times, Location 5 3 times, Location 6 16 times, Location 7 6 times, Location 8 18 times, Location 9 10 times, Location 10 5 times, and Location 11 0 times.
lemon squeezy got a total utility of 749 and a average utility of 7.49
Game 35:
I am currently playing against chill guy 2.0 and lemon squeezy
lemon squeezy set up their Lemonade Stand at Location 0 2 times, Location 1 6 times, Location 2 1 times, Location 3 22 times, Location 4 21 times, Location 5 4 times, Location 6 7 times, Location 7 23 times, Location 8 9 times, Location 9 4 times, Location 10 1 times, and Location 11 0 times.
lemon squeezy got a total utility of 787 and a average utility of 7.87
Game 36:
I am currently playing against chill guy 2.0 and lemon squeezy
lemon squeezy set up their Lemonade Stand at Location 0 3 times, Location 1 8 times, Location 2 0 times, Location 3 11 times, Location 4 18 times, Location 5 0 times, Location 6 2 times, Location 7 1 times, Location 8 1 times, Location 9 37 times, Location 10 19 times, and Location 11 0 times.
lemon squeezy got a total utility of 870 and a average utility of 8.7
Game 37:
I am currently playing against chill guy 2.0 and lemon squeezy
lemon squeezy set up their Lemonade Stand at Location 0 14 times, Location 1 5 times, Location 2 0 times, Location 3 15 times, Location 4 9 times, Location 5 12 times, Location 6 10 times, Location 7 5 times, Location 8 12 times, Location 9 16 times, Location 10 2 times, and Location 11 0 times.
lemon squeezy got a total utility of 749 and a average utility of 7.49
Game 38:
I am currently playing against chill guy 2.0 and lemon squeezy
lemon squeezy set up their Lemonade Stand at Location 0 18 times, Location 1 3 times, Location 2 0 times, Location 3 14 times, Location 4 3 times, Location 5 4 times, Location 6 16 times, Location 7 10 times, Location 8 10 times, Location 9 16 times, Location 10 6 times, and Location 11 0 times.
lemon squeezy got a total utility of 789 and a average utility of 7.89
Game 39:
I am currently playing against chill guy 2.0 and lemon squeezy
lemon squeezy set up their Lemonade Stand at Location 0 7 times, Location 1 6 times, Location 2 1 times, Location 3 15 times, Location 4 8 times, Location 5 5 times, Location 6 8 times, Location 7 11 times, Location 8 13 times, Location 9 17 times, Location 10 9 times, and Location 11 0 times.
lemon squeezy got a total utility of 828 and a average utility of 8.28
Game 40:
I am currently playing against chill guy 2.0 and lemon squeezy
lemon squeezy set up their Lemonade Stand at Location 0 25 times, Location 1 0 times, Location 2 0 times, Location 3 0 times, Location 4 24 times, Location 5 25 times, Location 6 0 times, Location 7 1 times, Location 8 25 times, Location 9 0 times, Location 10 0 times, and Location 11 0 times.
lemon squeezy got a total utility of 702 and a average utility of 7.02
Game 41:
I am currently playing against chill guy 2.0 and lemon squeezy
lemon squeezy set up their Lemonade Stand at Location 0 13 times, Location 1 10 times, Location 2 0 times, Location 3 12 times, Location 4 5 times, Location 5 5 times, Location 6 11 times, Location 7 7 times, Location 8 15 times, Location 9 10 times, Location 10 10 times, and Location 11 2 times.
lemon squeezy got a total utility of 800 and a average utility of 8.0
Game 42:
I am currently playing against chill guy 2.0 and lemon squeezy
lemon squeezy set up their Lemonade Stand at Location 0 0 times, Location 1 0 times, Location 2 1 times, Location 3 0 times, Location 4 0 times, Location 5 0 times, Location 6 0 times, Location 7 0 times, Location 8 1 times, Location 9 96 times, Location 10 2 times, and Location 11 0 times.
lemon squeezy got a total utility of 707 and a average utility of 7.07
Game 43:
I am currently playing against chill guy 2.0 and lemon squeezy
lemon squeezy set up their Lemonade Stand at Location 0 3 times, Location 1 5 times, Location 2 0 times, Location 3 18 times, Location 4 7 times, Location 5 12 times, Location 6 3 times, Location 7 19 times, Location 8 15 times, Location 9 4 times, Location 10 12 times, and Location 11 2 times.
lemon squeezy got a total utility of 729 and a average utility of 7.29
Game 44:
I am currently playing against chill guy 2.0 and lemon squeezy
lemon squeezy set up their Lemonade Stand at Location 0 49 times, Location 1 1 times, Location 2 0 times, Location 3 0 times, Location 4 0 times, Location 5 1 times, Location 6 24 times, Location 7 0 times, Location 8 25 times, Location 9 0 times, Location 10 0 times, and Location 11 0 times.
lemon squeezy got a total utility of 601 and a average utility of 6.01
Game 45:
I am currently playing against chill guy 2.0 and lemon squeezy
lemon squeezy set up their Lemonade Stand at Location 0 13 times, Location 1 10 times, Location 2 0 times, Location 3 12 times, Location 4 15 times, Location 5 8 times, Location 6 7 times, Location 7 9 times, Location 8 7 times, Location 9 13 times, Location 10 6 times, and Location 11 0 times.
lemon squeezy got a total utility of 683 and a average utility of 6.83
Game 46:
I am currently playing against chill guy 2.0 and lemon squeezy
lemon squeezy set up their Lemonade Stand at Location 0 20 times, Location 1 6 times, Location 2 0 times, Location 3 12 times, Location 4 0 times, Location 5 0 times, Location 6 16 times, Location 7 12 times, Location 8 18 times, Location 9 5 times, Location 10 5 times, and Location 11 6 times.
lemon squeezy got a total utility of 773 and a average utility of 7.73
Game 47:
I am currently playing against chill guy 2.0 and lemon squeezy
lemon squeezy set up their Lemonade Stand at Location 0 22 times, Location 1 7 times, Location 2 1 times, Location 3 5 times, Location 4 10 times, Location 5 5 times, Location 6 8 times, Location 7 10 times, Location 8 16 times, Location 9 13 times, Location 10 3 times, and Location 11 0 times.
lemon squeezy got a total utility of 744 and a average utility of 7.44
Game 48:
I am currently playing against chill guy 2.0 and lemon squeezy
lemon squeezy set up their Lemonade Stand at Location 0 13 times, Location 1 5 times, Location 2 1 times, Location 3 14 times, Location 4 4 times, Location 5 6 times, Location 6 14 times, Location 7 9 times, Location 8 15 times, Location 9 11 times, Location 10 7 times, and Location 11 1 times.
lemon squeezy got a total utility of 764 and a average utility of 7.64
Game 49:
I am currently playing against chill guy 2.0 and lemon squeezy
lemon squeezy set up their Lemonade Stand at Location 0 7 times, Location 1 12 times, Location 2 0 times, Location 3 17 times, Location 4 4 times, Location 5 5 times, Location 6 9 times, Location 7 12 times, Location 8 15 times, Location 9 10 times, Location 10 9 times, and Location 11 0 times.
lemon squeezy got a total utility of 746 and a average utility of 7.46
Game 50:
I am currently playing against chill guy 2.0 and lemon squeezy
lemon squeezy set up their Lemonade Stand at Location 0 25 times, Location 1 0 times, Location 2 0 times, Location 3 0 times, Location 4 24 times, Location 5 26 times, Location 6 0 times, Location 7 0 times, Location 8 25 times, Location 9 0 times, Location 10 0 times, and Location 11 0 times.
lemon squeezy got a total utility of 650 and a average utility of 6.5
Game 51:
I am currently playing against chill guy 2.0 and lemon squeezy
lemon squeezy set up their Lemonade Stand at Location 0 16 times, Location 1 3 times, Location 2 0 times, Location 3 17 times, Location 4 4 times, Location 5 7 times, Location 6 14 times, Location 7 7 times, Location 8 11 times, Location 9 16 times, Location 10 5 times, and Location 11 0 times.
lemon squeezy got a total utility of 721 and a average utility of 7.21
Game 52:
I am currently playing against chill guy 2.0 and lemon squeezy
lemon squeezy set up their Lemonade Stand at Location 0 18 times, Location 1 10 times, Location 2 0 times, Location 3 9 times, Location 4 7 times, Location 5 5 times, Location 6 7 times, Location 7 8 times, Location 8 12 times, Location 9 11 times, Location 10 10 times, and Location 11 3 times.
lemon squeezy got a total utility of 739 and a average utility of 7.39
Game 53:
I am currently playing against Mike&Jade bot and TA -- Reserve Agent
lemon squeezy set up their Lemonade Stand at Location 0 0 times, Location 1 0 times, Location 2 0 times, Location 3 1 times, Location 4 0 times, Location 5 0 times, Location 6 44 times, Location 7 33 times, Location 8 1 times, Location 9 21 times, Location 10 0 times, and Location 11 0 times.
lemon squeezy got a total utility of 1124 and a average utility of 11.24
Game 54:
I am currently playing against Mike&Jade bot and Little Lemonade
lemon squeezy set up their Lemonade Stand at Location 0 3 times, Location 1 27 times, Location 2 0 times, Location 3 0 times, Location 4 2 times, Location 5 1 times, Location 6 56 times, Location 7 7 times, Location 8 1 times, Location 9 1 times, Location 10 2 times, and Location 11 0 times.
lemon squeezy got a total utility of 952 and a average utility of 9.52
Game 55:
I am currently playing against lemon squeezy and random
lemon squeezy set up their Lemonade Stand at Location 0 0 times, Location 1 0 times, Location 2 0 times, Location 3 33 times, Location 4 16 times, Location 5 0 times, Location 6 1 times, Location 7 16 times, Location 8 2 times, Location 9 16 times, Location 10 16 times, and Location 11 0 times.
lemon squeezy got a total utility of 1088 and a average utility of 10.88
Game 56:
I am currently playing against lemon squeezy and shroobie
lemon squeezy set up their Lemonade Stand at Location 0 12 times, Location 1 5 times, Location 2 2 times, Location 3 3 times, Location 4 4 times, Location 5 6 times, Location 6 13 times, Location 7 10 times, Location 8 8 times, Location 9 17 times, Location 10 12 times, and Location 11 8 times.
lemon squeezy got a total utility of 831 and a average utility of 8.31
Game 57:
I am currently playing against SmartyPants and lemon squeezy
lemon squeezy set up their Lemonade Stand at Location 0 0 times, Location 1 25 times, Location 2 0 times, Location 3 0 times, Location 4 25 times, Location 5 24 times, Location 6 0 times, Location 7 0 times, Location 8 26 times, Location 9 0 times, Location 10 0 times, and Location 11 0 times.
lemon squeezy got a total utility of 684 and a average utility of 6.84
Game 58:
I am currently playing against SmartyPants and lemon squeezy
lemon squeezy set up their Lemonade Stand at Location 0 0 times, Location 1 25 times, Location 2 0 times, Location 3 0 times, Location 4 24 times, Location 5 25 times, Location 6 1 times, Location 7 0 times, Location 8 25 times, Location 9 0 times, Location 10 0 times, and Location 11 0 times.
lemon squeezy got a total utility of 826 and a average utility of 8.26
Game 59:
I am currently playing against SmartyPants and lemon squeezy
lemon squeezy set up their Lemonade Stand at Location 0 0 times, Location 1 24 times, Location 2 0 times, Location 3 1 times, Location 4 25 times, Location 5 24 times, Location 6 0 times, Location 7 2 times, Location 8 24 times, Location 9 0 times, Location 10 0 times, and Location 11 0 times.
lemon squeezy got a total utility of 831 and a average utility of 8.31
Game 60:
I am currently playing against SmartyPants and lemon squeezy
lemon squeezy set up their Lemonade Stand at Location 0 0 times, Location 1 24 times, Location 2 0 times, Location 3 0 times, Location 4 24 times, Location 5 24 times, Location 6 0 times, Location 7 1 times, Location 8 26 times, Location 9 1 times, Location 10 0 times, and Location 11 0 times.
lemon squeezy got a total utility of 677 and a average utility of 6.77
Game 61:
I am currently playing against SmartyPants and lemon squeezy
lemon squeezy set up their Lemonade Stand at Location 0 1 times, Location 1 25 times, Location 2 0 times, Location 3 0 times, Location 4 22 times, Location 5 22 times, Location 6 2 times, Location 7 1 times, Location 8 26 times, Location 9 0 times, Location 10 1 times, and Location 11 0 times.
lemon squeezy got a total utility of 823 and a average utility of 8.23
Game 62:
I am currently playing against SmartyPants and lemon squeezy
lemon squeezy set up their Lemonade Stand at Location 0 0 times, Location 1 25 times, Location 2 0 times, Location 3 0 times, Location 4 23 times, Location 5 24 times, Location 6 1 times, Location 7 1 times, Location 8 25 times, Location 9 0 times, Location 10 1 times, and Location 11 0 times.
lemon squeezy got a total utility of 743 and a average utility of 7.43
Game 63:
I am currently playing against SmartyPants and lemon squeezy
lemon squeezy set up their Lemonade Stand at Location 0 0 times, Location 1 24 times, Location 2 0 times, Location 3 0 times, Location 4 24 times, Location 5 24 times, Location 6 0 times, Location 7 1 times, Location 8 25 times, Location 9 1 times, Location 10 1 times, and Location 11 0 times.
lemon squeezy got a total utility of 645 and a average utility of 6.45
Game 64:
I am currently playing against SmartyPants and lemon squeezy
lemon squeezy set up their Lemonade Stand at Location 0 0 times, Location 1 28 times, Location 2 0 times, Location 3 0 times, Location 4 20 times, Location 5 23 times, Location 6 4 times, Location 7 0 times, Location 8 24 times, Location 9 0 times, Location 10 0 times, and Location 11 1 times.
lemon squeezy got a total utility of 822 and a average utility of 8.22
Game 65:
I am currently playing against SmartyPants and lemon squeezy
lemon squeezy set up their Lemonade Stand at Location 0 0 times, Location 1 40 times, Location 2 0 times, Location 3 0 times, Location 4 0 times, Location 5 21 times, Location 6 19 times, Location 7 0 times, Location 8 20 times, Location 9 0 times, Location 10 0 times, and Location 11 0 times.
lemon squeezy got a total utility of 862 and a average utility of 8.62
Game 66:
I am currently playing against SmartyPants and lemon squeezy
lemon squeezy set up their Lemonade Stand at Location 0 2 times, Location 1 22 times, Location 2 0 times, Location 3 1 times, Location 4 22 times, Location 5 23 times, Location 6 2 times, Location 7 2 times, Location 8 24 times, Location 9 1 times, Location 10 0 times, and Location 11 1 times.
lemon squeezy got a total utility of 987 and a average utility of 9.87
Game 67:
I am currently playing against SmartyPants and lemon squeezy
lemon squeezy set up their Lemonade Stand at Location 0 3 times, Location 1 3 times, Location 2 0 times, Location 3 1 times, Location 4 1 times, Location 5 0 times, Location 6 2 times, Location 7 86 times, Location 8 1 times, Location 9 1 times, Location 10 0 times, and Location 11 2 times.
lemon squeezy got a total utility of 711 and a average utility of 7.11
Game 68:
I am currently playing against SmartyPants and lemon squeezy
lemon squeezy set up their Lemonade Stand at Location 0 0 times, Location 1 35 times, Location 2 0 times, Location 3 1 times, Location 4 6 times, Location 5 20 times, Location 6 16 times, Location 7 0 times, Location 8 22 times, Location 9 0 times, Location 10 0 times, and Location 11 0 times.
lemon squeezy got a total utility of 905 and a average utility of 9.05
Game 69:
I am currently playing against SmartyPants and lemon squeezy
lemon squeezy set up their Lemonade Stand at Location 0 0 times, Location 1 25 times, Location 2 0 times, Location 3 0 times, Location 4 25 times, Location 5 24 times, Location 6 0 times, Location 7 0 times, Location 8 26 times, Location 9 0 times, Location 10 0 times, and Location 11 0 times.
lemon squeezy got a total utility of 811 and a average utility of 8.11
Game 70:
I am currently playing against SmartyPants and lemon squeezy
lemon squeezy set up their Lemonade Stand at Location 0 0 times, Location 1 25 times, Location 2 0 times, Location 3 0 times, Location 4 24 times, Location 5 26 times, Location 6 0 times, Location 7 0 times, Location 8 25 times, Location 9 0 times, Location 10 0 times, and Location 11 0 times.
lemon squeezy got a total utility of 658 and a average utility of 6.58
Game 71:
I am currently playing against SmartyPants and lemon squeezy
lemon squeezy set up their Lemonade Stand at Location 0 1 times, Location 1 25 times, Location 2 0 times, Location 3 0 times, Location 4 23 times, Location 5 21 times, Location 6 0 times, Location 7 4 times, Location 8 24 times, Location 9 1 times, Location 10 0 times, and Location 11 1 times.
lemon squeezy got a total utility of 849 and a average utility of 8.49
Game 72:
I am currently playing against SmartyPants and lemon squeezy
lemon squeezy set up their Lemonade Stand at Location 0 0 times, Location 1 23 times, Location 2 0 times, Location 3 0 times, Location 4 18 times, Location 5 22 times, Location 6 5 times, Location 7 2 times, Location 8 30 times, Location 9 0 times, Location 10 0 times, and Location 11 0 times.
lemon squeezy got a total utility of 714 and a average utility of 7.14
Game 73:
I am currently playing against SmartyPants and lemon squeezy
lemon squeezy set up their Lemonade Stand at Location 0 12 times, Location 1 13 times, Location 2 0 times, Location 3 4 times, Location 4 5 times, Location 5 5 times, Location 6 19 times, Location 7 26 times, Location 8 4 times, Location 9 6 times, Location 10 1 times, and Location 11 5 times.
lemon squeezy got a total utility of 755 and a average utility of 7.55
Game 74:
I am currently playing against SmartyPants and lemon squeezy
lemon squeezy set up their Lemonade Stand at Location 0 2 times, Location 1 15 times, Location 2 0 times, Location 3 5 times, Location 4 14 times, Location 5 13 times, Location 6 16 times, Location 7 19 times, Location 8 11 times, Location 9 4 times, Location 10 1 times, and Location 11 0 times.
lemon squeezy got a total utility of 780 and a average utility of 7.8
Game 75:
I am currently playing against SmartyPants and lemon squeezy
lemon squeezy set up their Lemonade Stand at Location 0 1 times, Location 1 26 times, Location 2 0 times, Location 3 0 times, Location 4 21 times, Location 5 22 times, Location 6 1 times, Location 7 3 times, Location 8 24 times, Location 9 2 times, Location 10 0 times, and Location 11 0 times.
lemon squeezy got a total utility of 826 and a average utility of 8.26
Game 76:
I am currently playing against SmartyPants and lemon squeezy
lemon squeezy set up their Lemonade Stand at Location 0 2 times, Location 1 20 times, Location 2 0 times, Location 3 12 times, Location 4 13 times, Location 5 11 times, Location 6 11 times, Location 7 17 times, Location 8 11 times, Location 9 1 times, Location 10 1 times, and Location 11 1 times.
lemon squeezy got a total utility of 841 and a average utility of 8.41
Game 77:
I am currently playing against Mike&Jade bot and eugene
lemon squeezy set up their Lemonade Stand at Location 0 12 times, Location 1 8 times, Location 2 7 times, Location 3 1 times, Location 4 1 times, Location 5 3 times, Location 6 29 times, Location 7 11 times, Location 8 12 times, Location 9 2 times, Location 10 14 times, and Location 11 0 times.
lemon squeezy got a total utility of 795 and a average utility of 7.95
Game 78:
I am currently playing against lemon squeezy and random
lemon squeezy set up their Lemonade Stand at Location 0 0 times, Location 1 0 times, Location 2 1 times, Location 3 33 times, Location 4 16 times, Location 5 0 times, Location 6 0 times, Location 7 17 times, Location 8 1 times, Location 9 16 times, Location 10 16 times, and Location 11 0 times.
lemon squeezy got a total utility of 633 and a average utility of 6.33
Game 79:
I am currently playing against lemon squeezy and shroobie
lemon squeezy set up their Lemonade Stand at Location 0 8 times, Location 1 13 times, Location 2 0 times, Location 3 18 times, Location 4 7 times, Location 5 8 times, Location 6 3 times, Location 7 8 times, Location 8 11 times, Location 9 15 times, Location 10 6 times, and Location 11 3 times.
lemon squeezy got a total utility of 768 and a average utility of 7.68
Game 80:
I am currently playing against lemon squeezy and Ilan
lemon squeezy set up their Lemonade Stand at Location 0 1 times, Location 1 1 times, Location 2 0 times, Location 3 1 times, Location 4 0 times, Location 5 0 times, Location 6 3 times, Location 7 29 times, Location 8 3 times, Location 9 3 times, Location 10 31 times, and Location 11 28 times.
lemon squeezy got a total utility of 875 and a average utility of 8.75
Game 81:
I am currently playing against TA -- Decrementing and lemon squeezy
lemon squeezy set up their Lemonade Stand at Location 0 16 times, Location 1 1 times, Location 2 0 times, Location 3 15 times, Location 4 30 times, Location 5 14 times, Location 6 1 times, Location 7 3 times, Location 8 1 times, Location 9 18 times, Location 10 1 times, and Location 11 0 times.
lemon squeezy got a total utility of 816 and a average utility of 8.16
Game 82:
I am currently playing against TA -- Decrementing and lemon squeezy
lemon squeezy set up their Lemonade Stand at Location 0 16 times, Location 1 2 times, Location 2 0 times, Location 3 14 times, Location 4 28 times, Location 5 14 times, Location 6 2 times, Location 7 3 times, Location 8 1 times, Location 9 18 times, Location 10 1 times, and Location 11 1 times.
lemon squeezy got a total utility of 784 and a average utility of 7.84
Game 83:
I am currently playing against TA -- Decrementing and lemon squeezy
lemon squeezy set up their Lemonade Stand at Location 0 16 times, Location 1 3 times, Location 2 0 times, Location 3 15 times, Location 4 32 times, Location 5 16 times, Location 6 0 times, Location 7 0 times, Location 8 1 times, Location 9 16 times, Location 10 1 times, and Location 11 0 times.
lemon squeezy got a total utility of 811 and a average utility of 8.11
Game 84:
I am currently playing against TA -- Decrementing and lemon squeezy
lemon squeezy set up their Lemonade Stand at Location 0 16 times, Location 1 17 times, Location 2 0 times, Location 3 0 times, Location 4 0 times, Location 5 0 times, Location 6 17 times, Location 7 0 times, Location 8 17 times, Location 9 0 times, Location 10 17 times, and Location 11 16 times.
lemon squeezy got a total utility of 700 and a average utility of 7.0
Game 85:
I am currently playing against TA -- Decrementing and lemon squeezy
lemon squeezy set up their Lemonade Stand at Location 0 17 times, Location 1 16 times, Location 2 0 times, Location 3 0 times, Location 4 0 times, Location 5 0 times, Location 6 17 times, Location 7 0 times, Location 8 17 times, Location 9 0 times, Location 10 17 times, and Location 11 16 times.
lemon squeezy got a total utility of 757 and a average utility of 7.57
Game 86:
I am currently playing against TA -- Decrementing and lemon squeezy
lemon squeezy set up their Lemonade Stand at Location 0 15 times, Location 1 5 times, Location 2 0 times, Location 3 13 times, Location 4 27 times, Location 5 14 times, Location 6 1 times, Location 7 4 times, Location 8 2 times, Location 9 17 times, Location 10 2 times, and Location 11 0 times.
lemon squeezy got a total utility of 784 and a average utility of 7.84
Game 87:
I am currently playing against TA -- Decrementing and lemon squeezy
lemon squeezy set up their Lemonade Stand at Location 0 16 times, Location 1 3 times, Location 2 0 times, Location 3 15 times, Location 4 31 times, Location 5 17 times, Location 6 0 times, Location 7 0 times, Location 8 1 times, Location 9 16 times, Location 10 1 times, and Location 11 0 times.
lemon squeezy got a total utility of 695 and a average utility of 6.95
Game 88:
I am currently playing against TA -- Decrementing and lemon squeezy
lemon squeezy set up their Lemonade Stand at Location 0 16 times, Location 1 1 times, Location 2 0 times, Location 3 15 times, Location 4 29 times, Location 5 14 times, Location 6 1 times, Location 7 4 times, Location 8 2 times, Location 9 17 times, Location 10 1 times, and Location 11 0 times.
lemon squeezy got a total utility of 793 and a average utility of 7.93
Game 89:
I am currently playing against TA -- Decrementing and lemon squeezy
lemon squeezy set up their Lemonade Stand at Location 0 16 times, Location 1 16 times, Location 2 0 times, Location 3 1 times, Location 4 0 times, Location 5 0 times, Location 6 17 times, Location 7 0 times, Location 8 17 times, Location 9 0 times, Location 10 17 times, and Location 11 16 times.
lemon squeezy got a total utility of 848 and a average utility of 8.48
Game 90:
I am currently playing against TA -- Decrementing and lemon squeezy
lemon squeezy set up their Lemonade Stand at Location 0 16 times, Location 1 4 times, Location 2 0 times, Location 3 13 times, Location 4 27 times, Location 5 14 times, Location 6 1 times, Location 7 4 times, Location 8 2 times, Location 9 16 times, Location 10 3 times, and Location 11 0 times.
lemon squeezy got a total utility of 812 and a average utility of 8.12
Game 91:
I am currently playing against TA -- Decrementing and lemon squeezy
lemon squeezy set up their Lemonade Stand at Location 0 16 times, Location 1 16 times, Location 2 0 times, Location 3 1 times, Location 4 0 times, Location 5 0 times, Location 6 17 times, Location 7 0 times, Location 8 17 times, Location 9 0 times, Location 10 17 times, and Location 11 16 times.
lemon squeezy got a total utility of 671 and a average utility of 6.71
Game 92:
I am currently playing against TA -- Decrementing and lemon squeezy
lemon squeezy set up their Lemonade Stand at Location 0 16 times, Location 1 3 times, Location 2 0 times, Location 3 15 times, Location 4 31 times, Location 5 16 times, Location 6 0 times, Location 7 1 times, Location 8 1 times, Location 9 16 times, Location 10 1 times, and Location 11 0 times.
lemon squeezy got a total utility of 803 and a average utility of 8.03
Game 93:
I am currently playing against TA -- Decrementing and lemon squeezy
lemon squeezy set up their Lemonade Stand at Location 0 15 times, Location 1 4 times, Location 2 1 times, Location 3 13 times, Location 4 27 times, Location 5 14 times, Location 6 1 times, Location 7 4 times, Location 8 2 times, Location 9 17 times, Location 10 2 times, and Location 11 0 times.
lemon squeezy got a total utility of 805 and a average utility of 8.05
Game 94:
I am currently playing against TA -- Decrementing and lemon squeezy
lemon squeezy set up their Lemonade Stand at Location 0 16 times, Location 1 2 times, Location 2 0 times, Location 3 14 times, Location 4 28 times, Location 5 14 times, Location 6 2 times, Location 7 3 times, Location 8 1 times, Location 9 18 times, Location 10 2 times, and Location 11 0 times.
lemon squeezy got a total utility of 776 and a average utility of 7.76
Game 95:
I am currently playing against TA -- Decrementing and lemon squeezy
lemon squeezy set up their Lemonade Stand at Location 0 16 times, Location 1 3 times, Location 2 0 times, Location 3 15 times, Location 4 31 times, Location 5 16 times, Location 6 1 times, Location 7 0 times, Location 8 1 times, Location 9 16 times, Location 10 1 times, and Location 11 0 times.
lemon squeezy got a total utility of 808 and a average utility of 8.08
Game 96:
I am currently playing against TA -- Decrementing and lemon squeezy
lemon squeezy set up their Lemonade Stand at Location 0 16 times, Location 1 3 times, Location 2 0 times, Location 3 15 times, Location 4 32 times, Location 5 16 times, Location 6 0 times, Location 7 0 times, Location 8 1 times, Location 9 16 times, Location 10 1 times, and Location 11 0 times.
lemon squeezy got a total utility of 876 and a average utility of 8.76
Game 97:
I am currently playing against TA -- Decrementing and lemon squeezy
lemon squeezy set up their Lemonade Stand at Location 0 16 times, Location 1 2 times, Location 2 0 times, Location 3 14 times, Location 4 28 times, Location 5 14 times, Location 6 2 times, Location 7 3 times, Location 8 3 times, Location 9 17 times, Location 10 1 times, and Location 11 0 times.
lemon squeezy got a total utility of 806 and a average utility of 8.06
Game 98:
I am currently playing against TA -- Decrementing and lemon squeezy
lemon squeezy set up their Lemonade Stand at Location 0 16 times, Location 1 3 times, Location 2 0 times, Location 3 15 times, Location 4 31 times, Location 5 16 times, Location 6 0 times, Location 7 1 times, Location 8 1 times, Location 9 16 times, Location 10 1 times, and Location 11 0 times.
lemon squeezy got a total utility of 665 and a average utility of 6.65
Game 99:
I am currently playing against TA -- Decrementing and lemon squeezy
lemon squeezy set up their Lemonade Stand at Location 0 16 times, Location 1 17 times, Location 2 0 times, Location 3 0 times, Location 4 0 times, Location 5 0 times, Location 6 17 times, Location 7 0 times, Location 8 17 times, Location 9 0 times, Location 10 17 times, and Location 11 16 times.
lemon squeezy got a total utility of 745 and a average utility of 7.45
Game 100:
I am currently playing against lemon squeezy and random
lemon squeezy set up their Lemonade Stand at Location 0 0 times, Location 1 0 times, Location 2 0 times, Location 3 34 times, Location 4 16 times, Location 5 0 times, Location 6 0 times, Location 7 17 times, Location 8 1 times, Location 9 16 times, Location 10 16 times, and Location 11 0 times.
lemon squeezy got a total utility of 609 and a average utility of 6.09
Game 101:
I am currently playing against lemon squeezy and shroobie
lemon squeezy set up their Lemonade Stand at Location 0 13 times, Location 1 15 times, Location 2 1 times, Location 3 5 times, Location 4 2 times, Location 5 2 times, Location 6 10 times, Location 7 9 times, Location 8 15 times, Location 9 11 times, Location 10 12 times, and Location 11 5 times.
lemon squeezy got a total utility of 778 and a average utility of 7.78
Game 102:
I am currently playing against TA -- Decrementing and lemon squeezy
lemon squeezy set up their Lemonade Stand at Location 0 16 times, Location 1 1 times, Location 2 0 times, Location 3 15 times, Location 4 29 times, Location 5 14 times, Location 6 1 times, Location 7 4 times, Location 8 1 times, Location 9 18 times, Location 10 1 times, and Location 11 0 times.
lemon squeezy got a total utility of 832 and a average utility of 8.32
Game 103:
I am currently playing against Ilan and lemon squeezy
lemon squeezy set up their Lemonade Stand at Location 0 46 times, Location 1 2 times, Location 2 0 times, Location 3 1 times, Location 4 0 times, Location 5 0 times, Location 6 24 times, Location 7 1 times, Location 8 24 times, Location 9 1 times, Location 10 1 times, and Location 11 0 times.
lemon squeezy got a total utility of 640 and a average utility of 6.4
Game 104:
I am currently playing against Ilan and lemon squeezy
lemon squeezy set up their Lemonade Stand at Location 0 42 times, Location 1 2 times, Location 2 0 times, Location 3 3 times, Location 4 0 times, Location 5 0 times, Location 6 24 times, Location 7 4 times, Location 8 22 times, Location 9 3 times, Location 10 0 times, and Location 11 0 times.
lemon squeezy got a total utility of 801 and a average utility of 8.01
Game 105:
I am currently playing against Ilan and lemon squeezy
lemon squeezy set up their Lemonade Stand at Location 0 43 times, Location 1 2 times, Location 2 0 times, Location 3 2 times, Location 4 1 times, Location 5 0 times, Location 6 23 times, Location 7 1 times, Location 8 22 times, Location 9 4 times, Location 10 2 times, and Location 11 0 times.
lemon squeezy got a total utility of 988 and a average utility of 9.88
Game 106:
I am currently playing against Ilan and lemon squeezy
lemon squeezy set up their Lemonade Stand at Location 0 44 times, Location 1 0 times, Location 2 0 times, Location 3 2 times, Location 4 2 times, Location 5 0 times, Location 6 24 times, Location 7 1 times, Location 8 21 times, Location 9 5 times, Location 10 1 times, and Location 11 0 times.
lemon squeezy got a total utility of 735 and a average utility of 7.35
Game 107:
I am currently playing against Ilan and lemon squeezy
lemon squeezy set up their Lemonade Stand at Location 0 48 times, Location 1 2 times, Location 2 0 times, Location 3 0 times, Location 4 1 times, Location 5 0 times, Location 6 23 times, Location 7 1 times, Location 8 25 times, Location 9 0 times, Location 10 0 times, and Location 11 0 times.
lemon squeezy got a total utility of 791 and a average utility of 7.91
Game 108:
I am currently playing against Ilan and lemon squeezy
lemon squeezy set up their Lemonade Stand at Location 0 45 times, Location 1 1 times, Location 2 0 times, Location 3 1 times, Location 4 2 times, Location 5 0 times, Location 6 23 times, Location 7 2 times, Location 8 22 times, Location 9 3 times, Location 10 1 times, and Location 11 0 times.
lemon squeezy got a total utility of 1031 and a average utility of 10.31
Game 109:
I am currently playing against Ilan and lemon squeezy
lemon squeezy set up their Lemonade Stand at Location 0 44 times, Location 1 1 times, Location 2 0 times, Location 3 1 times, Location 4 3 times, Location 5 0 times, Location 6 21 times, Location 7 2 times, Location 8 21 times, Location 9 5 times, Location 10 2 times, and Location 11 0 times.
lemon squeezy got a total utility of 857 and a average utility of 8.57
Game 110:
I am currently playing against Ilan and lemon squeezy
lemon squeezy set up their Lemonade Stand at Location 0 45 times, Location 1 0 times, Location 2 0 times, Location 3 2 times, Location 4 0 times, Location 5 2 times, Location 6 24 times, Location 7 1 times, Location 8 23 times, Location 9 3 times, Location 10 0 times, and Location 11 0 times.
lemon squeezy got a total utility of 712 and a average utility of 7.12
Game 111:
I am currently playing against Ilan and lemon squeezy
lemon squeezy set up their Lemonade Stand at Location 0 44 times, Location 1 3 times, Location 2 0 times, Location 3 1 times, Location 4 1 times, Location 5 2 times, Location 6 24 times, Location 7 0 times, Location 8 23 times, Location 9 2 times, Location 10 0 times, and Location 11 0 times.
lemon squeezy got a total utility of 1044 and a average utility of 10.44
Game 112:
I am currently playing against Ilan and lemon squeezy
lemon squeezy set up their Lemonade Stand at Location 0 45 times, Location 1 1 times, Location 2 0 times, Location 3 2 times, Location 4 1 times, Location 5 0 times, Location 6 24 times, Location 7 0 times, Location 8 22 times, Location 9 3 times, Location 10 2 times, and Location 11 0 times.
lemon squeezy got a total utility of 700 and a average utility of 7.0
Game 113:
I am currently playing against Ilan and lemon squeezy
lemon squeezy set up their Lemonade Stand at Location 0 44 times, Location 1 3 times, Location 2 0 times, Location 3 1 times, Location 4 1 times, Location 5 0 times, Location 6 23 times, Location 7 1 times, Location 8 23 times, Location 9 2 times, Location 10 2 times, and Location 11 0 times.
lemon squeezy got a total utility of 1021 and a average utility of 10.21
Game 114:
I am currently playing against Ilan and lemon squeezy
lemon squeezy set up their Lemonade Stand at Location 0 43 times, Location 1 2 times, Location 2 0 times, Location 3 2 times, Location 4 1 times, Location 5 1 times, Location 6 24 times, Location 7 1 times, Location 8 22 times, Location 9 3 times, Location 10 1 times, and Location 11 0 times.
lemon squeezy got a total utility of 733 and a average utility of 7.33
Game 115:
I am currently playing against Ilan and lemon squeezy
lemon squeezy set up their Lemonade Stand at Location 0 45 times, Location 1 0 times, Location 2 0 times, Location 3 3 times, Location 4 0 times, Location 5 1 times, Location 6 24 times, Location 7 1 times, Location 8 22 times, Location 9 3 times, Location 10 1 times, and Location 11 0 times.
lemon squeezy got a total utility of 769 and a average utility of 7.69
Game 116:
I am currently playing against Ilan and lemon squeezy
lemon squeezy set up their Lemonade Stand at Location 0 43 times, Location 1 2 times, Location 2 0 times, Location 3 2 times, Location 4 1 times, Location 5 0 times, Location 6 22 times, Location 7 4 times, Location 8 22 times, Location 9 4 times, Location 10 0 times, and Location 11 0 times.
lemon squeezy got a total utility of 771 and a average utility of 7.71
Game 117:
I am currently playing against Ilan and lemon squeezy
lemon squeezy set up their Lemonade Stand at Location 0 41 times, Location 1 3 times, Location 2 0 times, Location 3 2 times, Location 4 0 times, Location 5 1 times, Location 6 22 times, Location 7 4 times, Location 8 21 times, Location 9 4 times, Location 10 1 times, and Location 11 1 times.
lemon squeezy got a total utility of 651 and a average utility of 6.51
Game 118:
I am currently playing against Ilan and lemon squeezy
lemon squeezy set up their Lemonade Stand at Location 0 48 times, Location 1 0 times, Location 2 0 times, Location 3 0 times, Location 4 2 times, Location 5 0 times, Location 6 23 times, Location 7 0 times, Location 8 22 times, Location 9 3 times, Location 10 1 times, and Location 11 1 times.
lemon squeezy got a total utility of 994 and a average utility of 9.94
Game 119:
I am currently playing against Ilan and lemon squeezy
lemon squeezy set up their Lemonade Stand at Location 0 48 times, Location 1 2 times, Location 2 0 times, Location 3 0 times, Location 4 0 times, Location 5 0 times, Location 6 24 times, Location 7 1 times, Location 8 25 times, Location 9 0 times, Location 10 0 times, and Location 11 0 times.
lemon squeezy got a total utility of 902 and a average utility of 9.02
Game 120:
I am currently playing against Ilan and lemon squeezy
lemon squeezy set up their Lemonade Stand at Location 0 48 times, Location 1 0 times, Location 2 0 times, Location 3 1 times, Location 4 0 times, Location 5 0 times, Location 6 24 times, Location 7 2 times, Location 8 24 times, Location 9 1 times, Location 10 0 times, and Location 11 0 times.
lemon squeezy got a total utility of 751 and a average utility of 7.51
Game 121:
I am currently playing against Ilan and lemon squeezy
lemon squeezy set up their Lemonade Stand at Location 0 49 times, Location 1 0 times, Location 2 0 times, Location 3 0 times, Location 4 1 times, Location 5 1 times, Location 6 24 times, Location 7 0 times, Location 8 24 times, Location 9 1 times, Location 10 0 times, and Location 11 0 times.
lemon squeezy got a total utility of 957 and a average utility of 9.57
Game 122:
I am currently playing against lemon squeezy and shroobie
lemon squeezy set up their Lemonade Stand at Location 0 10 times, Location 1 7 times, Location 2 1 times, Location 3 4 times, Location 4 2 times, Location 5 10 times, Location 6 14 times, Location 7 15 times, Location 8 7 times, Location 9 8 times, Location 10 12 times, and Location 11 10 times.
lemon squeezy got a total utility of 820 and a average utility of 8.2
Game 123:
I am currently playing against random and lemon squeezy
lemon squeezy set up their Lemonade Stand at Location 0 25 times, Location 1 25 times, Location 2 0 times, Location 3 0 times, Location 4 0 times, Location 5 0 times, Location 6 0 times, Location 7 25 times, Location 8 25 times, Location 9 0 times, Location 10 0 times, and Location 11 0 times.
lemon squeezy got a total utility of 941 and a average utility of 9.41
Game 124:
I am currently playing against random and lemon squeezy
lemon squeezy set up their Lemonade Stand at Location 0 25 times, Location 1 24 times, Location 2 0 times, Location 3 0 times, Location 4 0 times, Location 5 0 times, Location 6 1 times, Location 7 24 times, Location 8 25 times, Location 9 0 times, Location 10 1 times, and Location 11 0 times.
lemon squeezy got a total utility of 1156 and a average utility of 11.56
Game 125:
I am currently playing against random and lemon squeezy
lemon squeezy set up their Lemonade Stand at Location 0 25 times, Location 1 25 times, Location 2 0 times, Location 3 0 times, Location 4 0 times, Location 5 1 times, Location 6 0 times, Location 7 24 times, Location 8 25 times, Location 9 0 times, Location 10 0 times, and Location 11 0 times.
lemon squeezy got a total utility of 851 and a average utility of 8.51
Game 126:
I am currently playing against random and lemon squeezy
lemon squeezy set up their Lemonade Stand at Location 0 24 times, Location 1 24 times, Location 2 0 times, Location 3 0 times, Location 4 0 times, Location 5 0 times, Location 6 1 times, Location 7 24 times, Location 8 26 times, Location 9 0 times, Location 10 1 times, and Location 11 0 times.
lemon squeezy got a total utility of 631 and a average utility of 6.31
Game 127:
I am currently playing against random and lemon squeezy
lemon squeezy set up their Lemonade Stand at Location 0 25 times, Location 1 25 times, Location 2 0 times, Location 3 0 times, Location 4 0 times, Location 5 0 times, Location 6 1 times, Location 7 24 times, Location 8 25 times, Location 9 0 times, Location 10 0 times, and Location 11 0 times.
lemon squeezy got a total utility of 864 and a average utility of 8.64
Game 128:
I am currently playing against random and lemon squeezy
lemon squeezy set up their Lemonade Stand at Location 0 25 times, Location 1 25 times, Location 2 0 times, Location 3 0 times, Location 4 1 times, Location 5 0 times, Location 6 0 times, Location 7 24 times, Location 8 25 times, Location 9 0 times, Location 10 0 times, and Location 11 0 times.
lemon squeezy got a total utility of 600 and a average utility of 6.0
Game 129:
I am currently playing against random and lemon squeezy
lemon squeezy set up their Lemonade Stand at Location 0 24 times, Location 1 25 times, Location 2 0 times, Location 3 0 times, Location 4 0 times, Location 5 0 times, Location 6 1 times, Location 7 24 times, Location 8 25 times, Location 9 0 times, Location 10 1 times, and Location 11 0 times.
lemon squeezy got a total utility of 686 and a average utility of 6.86
Game 130:
I am currently playing against random and lemon squeezy
lemon squeezy set up their Lemonade Stand at Location 0 25 times, Location 1 25 times, Location 2 0 times, Location 3 0 times, Location 4 0 times, Location 5 1 times, Location 6 0 times, Location 7 24 times, Location 8 25 times, Location 9 0 times, Location 10 0 times, and Location 11 0 times.
lemon squeezy got a total utility of 782 and a average utility of 7.82
Game 131:
I am currently playing against random and lemon squeezy
lemon squeezy set up their Lemonade Stand at Location 0 24 times, Location 1 24 times, Location 2 0 times, Location 3 0 times, Location 4 0 times, Location 5 0 times, Location 6 1 times, Location 7 24 times, Location 8 25 times, Location 9 0 times, Location 10 2 times, and Location 11 0 times.
lemon squeezy got a total utility of 944 and a average utility of 9.44
Game 132:
I am currently playing against random and lemon squeezy
lemon squeezy set up their Lemonade Stand at Location 0 25 times, Location 1 24 times, Location 2 0 times, Location 3 0 times, Location 4 0 times, Location 5 0 times, Location 6 1 times, Location 7 24 times, Location 8 25 times, Location 9 0 times, Location 10 1 times, and Location 11 0 times.
lemon squeezy got a total utility of 606 and a average utility of 6.06
Game 133:
I am currently playing against random and lemon squeezy
lemon squeezy set up their Lemonade Stand at Location 0 25 times, Location 1 24 times, Location 2 0 times, Location 3 0 times, Location 4 0 times, Location 5 0 times, Location 6 1 times, Location 7 24 times, Location 8 25 times, Location 9 0 times, Location 10 1 times, and Location 11 0 times.
lemon squeezy got a total utility of 604 and a average utility of 6.04
Game 134:
I am currently playing against random and lemon squeezy
lemon squeezy set up their Lemonade Stand at Location 0 25 times, Location 1 24 times, Location 2 0 times, Location 3 0 times, Location 4 0 times, Location 5 0 times, Location 6 1 times, Location 7 24 times, Location 8 25 times, Location 9 0 times, Location 10 1 times, and Location 11 0 times.
lemon squeezy got a total utility of 1199 and a average utility of 11.99
Game 135:
I am currently playing against random and lemon squeezy
lemon squeezy set up their Lemonade Stand at Location 0 25 times, Location 1 25 times, Location 2 0 times, Location 3 0 times, Location 4 1 times, Location 5 0 times, Location 6 0 times, Location 7 24 times, Location 8 25 times, Location 9 0 times, Location 10 0 times, and Location 11 0 times.
lemon squeezy got a total utility of 602 and a average utility of 6.02
Game 136:
I am currently playing against random and lemon squeezy
lemon squeezy set up their Lemonade Stand at Location 0 24 times, Location 1 24 times, Location 2 1 times, Location 3 0 times, Location 4 0 times, Location 5 0 times, Location 6 1 times, Location 7 24 times, Location 8 25 times, Location 9 0 times, Location 10 1 times, and Location 11 0 times.
lemon squeezy got a total utility of 824 and a average utility of 8.24
Game 137:
I am currently playing against random and lemon squeezy
lemon squeezy set up their Lemonade Stand at Location 0 24 times, Location 1 24 times, Location 2 0 times, Location 3 1 times, Location 4 0 times, Location 5 0 times, Location 6 1 times, Location 7 24 times, Location 8 25 times, Location 9 0 times, Location 10 1 times, and Location 11 0 times.
lemon squeezy got a total utility of 1073 and a average utility of 10.73
Game 138:
I am currently playing against random and lemon squeezy
lemon squeezy set up their Lemonade Stand at Location 0 25 times, Location 1 25 times, Location 2 0 times, Location 3 0 times, Location 4 0 times, Location 5 0 times, Location 6 1 times, Location 7 24 times, Location 8 25 times, Location 9 0 times, Location 10 0 times, and Location 11 0 times.
lemon squeezy got a total utility of 776 and a average utility of 7.76
Game 139:
I am currently playing against random and lemon squeezy
lemon squeezy set up their Lemonade Stand at Location 0 25 times, Location 1 24 times, Location 2 0 times, Location 3 0 times, Location 4 0 times, Location 5 0 times, Location 6 1 times, Location 7 24 times, Location 8 25 times, Location 9 0 times, Location 10 1 times, and Location 11 0 times.
lemon squeezy got a total utility of 1198 and a average utility of 11.98
Game 140:
I am currently playing against random and lemon squeezy
lemon squeezy set up their Lemonade Stand at Location 0 24 times, Location 1 25 times, Location 2 0 times, Location 3 0 times, Location 4 0 times, Location 5 0 times, Location 6 1 times, Location 7 24 times, Location 8 25 times, Location 9 0 times, Location 10 1 times, and Location 11 0 times.
lemon squeezy got a total utility of 756 and a average utility of 7.56
Game 141:
I am currently playing against random and lemon squeezy
lemon squeezy set up their Lemonade Stand at Location 0 25 times, Location 1 25 times, Location 2 0 times, Location 3 0 times, Location 4 0 times, Location 5 0 times, Location 6 0 times, Location 7 25 times, Location 8 25 times, Location 9 0 times, Location 10 0 times, and Location 11 0 times.
lemon squeezy got a total utility of 1197 and a average utility of 11.97
Game 142:
I am currently playing against random and lemon squeezy
lemon squeezy set up their Lemonade Stand at Location 0 24 times, Location 1 24 times, Location 2 0 times, Location 3 1 times, Location 4 0 times, Location 5 0 times, Location 6 1 times, Location 7 24 times, Location 8 25 times, Location 9 0 times, Location 10 1 times, and Location 11 0 times.
lemon squeezy got a total utility of 975 and a average utility of 9.75
Game 143:
I am currently playing against shroobie and lemon squeezy
lemon squeezy set up their Lemonade Stand at Location 0 6 times, Location 1 15 times, Location 2 0 times, Location 3 11 times, Location 4 10 times, Location 5 7 times, Location 6 8 times, Location 7 13 times, Location 8 14 times, Location 9 7 times, Location 10 4 times, and Location 11 5 times.
lemon squeezy got a total utility of 808 and a average utility of 8.08
Game 144:
I am currently playing against shroobie and lemon squeezy
lemon squeezy set up their Lemonade Stand at Location 0 13 times, Location 1 12 times, Location 2 0 times, Location 3 11 times, Location 4 12 times, Location 5 7 times, Location 6 5 times, Location 7 12 times, Location 8 10 times, Location 9 11 times, Location 10 6 times, and Location 11 1 times.
lemon squeezy got a total utility of 796 and a average utility of 7.96
Game 145:
I am currently playing against shroobie and lemon squeezy
lemon squeezy set up their Lemonade Stand at Location 0 9 times, Location 1 12 times, Location 2 0 times, Location 3 7 times, Location 4 6 times, Location 5 9 times, Location 6 10 times, Location 7 13 times, Location 8 17 times, Location 9 9 times, Location 10 7 times, and Location 11 1 times.
lemon squeezy got a total utility of 781 and a average utility of 7.81
Game 146:
I am currently playing against shroobie and lemon squeezy
lemon squeezy set up their Lemonade Stand at Location 0 10 times, Location 1 14 times, Location 2 0 times, Location 3 12 times, Location 4 2 times, Location 5 3 times, Location 6 9 times, Location 7 3 times, Location 8 14 times, Location 9 15 times, Location 10 16 times, and Location 11 2 times.
lemon squeezy got a total utility of 781 and a average utility of 7.81
Game 147:
I am currently playing against shroobie and lemon squeezy
lemon squeezy set up their Lemonade Stand at Location 0 9 times, Location 1 10 times, Location 2 0 times, Location 3 11 times, Location 4 9 times, Location 5 11 times, Location 6 12 times, Location 7 5 times, Location 8 19 times, Location 9 5 times, Location 10 8 times, and Location 11 1 times.
lemon squeezy got a total utility of 703 and a average utility of 7.03
Game 148:
I am currently playing against shroobie and lemon squeezy
lemon squeezy set up their Lemonade Stand at Location 0 5 times, Location 1 10 times, Location 2 0 times, Location 3 13 times, Location 4 6 times, Location 5 15 times, Location 6 12 times, Location 7 11 times, Location 8 16 times, Location 9 4 times, Location 10 7 times, and Location 11 1 times.
lemon squeezy got a total utility of 846 and a average utility of 8.46
Game 149:
I am currently playing against shroobie and lemon squeezy
lemon squeezy set up their Lemonade Stand at Location 0 11 times, Location 1 18 times, Location 2 0 times, Location 3 8 times, Location 4 7 times, Location 5 7 times, Location 6 5 times, Location 7 15 times, Location 8 14 times, Location 9 8 times, Location 10 6 times, and Location 11 1 times.
lemon squeezy got a total utility of 788 and a average utility of 7.88
Game 150:
I am currently playing against shroobie and lemon squeezy
lemon squeezy set up their Lemonade Stand at Location 0 15 times, Location 1 11 times, Location 2 0 times, Location 3 8 times, Location 4 7 times, Location 5 6 times, Location 6 5 times, Location 7 14 times, Location 8 7 times, Location 9 15 times, Location 10 9 times, and Location 11 3 times.
lemon squeezy got a total utility of 854 and a average utility of 8.54
Game 151:
I am currently playing against shroobie and lemon squeezy
lemon squeezy set up their Lemonade Stand at Location 0 17 times, Location 1 14 times, Location 2 1 times, Location 3 1 times, Location 4 3 times, Location 5 17 times, Location 6 16 times, Location 7 6 times, Location 8 17 times, Location 9 5 times, Location 10 3 times, and Location 11 0 times.
lemon squeezy got a total utility of 776 and a average utility of 7.76
Game 152:
I am currently playing against shroobie and lemon squeezy
lemon squeezy set up their Lemonade Stand at Location 0 5 times, Location 1 11 times, Location 2 1 times, Location 3 14 times, Location 4 7 times, Location 5 3 times, Location 6 17 times, Location 7 12 times, Location 8 14 times, Location 9 8 times, Location 10 4 times, and Location 11 4 times.
lemon squeezy got a total utility of 774 and a average utility of 7.74
Game 153:
I am currently playing against shroobie and lemon squeezy
lemon squeezy set up their Lemonade Stand at Location 0 11 times, Location 1 10 times, Location 2 1 times, Location 3 6 times, Location 4 3 times, Location 5 3 times, Location 6 50 times, Location 7 5 times, Location 8 7 times, Location 9 2 times, Location 10 1 times, and Location 11 1 times.
lemon squeezy got a total utility of 720 and a average utility of 7.2
Game 154:
I am currently playing against shroobie and lemon squeezy
lemon squeezy set up their Lemonade Stand at Location 0 16 times, Location 1 12 times, Location 2 1 times, Location 3 8 times, Location 4 6 times, Location 5 3 times, Location 6 7 times, Location 7 10 times, Location 8 13 times, Location 9 12 times, Location 10 9 times, and Location 11 3 times.
lemon squeezy got a total utility of 808 and a average utility of 8.08
Game 155:
I am currently playing against shroobie and lemon squeezy
lemon squeezy set up their Lemonade Stand at Location 0 11 times, Location 1 16 times, Location 2 0 times, Location 3 6 times, Location 4 6 times, Location 5 11 times, Location 6 6 times, Location 7 13 times, Location 8 15 times, Location 9 8 times, Location 10 4 times, and Location 11 4 times.
lemon squeezy got a total utility of 802 and a average utility of 8.02
Game 156:
I am currently playing against shroobie and lemon squeezy
lemon squeezy set up their Lemonade Stand at Location 0 11 times, Location 1 7 times, Location 2 0 times, Location 3 12 times, Location 4 4 times, Location 5 6 times, Location 6 6 times, Location 7 4 times, Location 8 16 times, Location 9 18 times, Location 10 12 times, and Location 11 4 times.
lemon squeezy got a total utility of 770 and a average utility of 7.7
Game 157:
I am currently playing against shroobie and lemon squeezy
lemon squeezy set up their Lemonade Stand at Location 0 5 times, Location 1 21 times, Location 2 1 times, Location 3 8 times, Location 4 8 times, Location 5 8 times, Location 6 10 times, Location 7 17 times, Location 8 13 times, Location 9 5 times, Location 10 3 times, and Location 11 1 times.
lemon squeezy got a total utility of 799 and a average utility of 7.99
Game 158:
I am currently playing against shroobie and lemon squeezy
lemon squeezy set up their Lemonade Stand at Location 0 6 times, Location 1 15 times, Location 2 0 times, Location 3 5 times, Location 4 13 times, Location 5 12 times, Location 6 9 times, Location 7 5 times, Location 8 21 times, Location 9 10 times, Location 10 4 times, and Location 11 0 times.
lemon squeezy got a total utility of 725 and a average utility of 7.25
Game 159:
I am currently playing against shroobie and lemon squeezy
lemon squeezy set up their Lemonade Stand at Location 0 14 times, Location 1 14 times, Location 2 0 times, Location 3 6 times, Location 4 7 times, Location 5 7 times, Location 6 2 times, Location 7 11 times, Location 8 14 times, Location 9 13 times, Location 10 11 times, and Location 11 1 times.
lemon squeezy got a total utility of 807 and a average utility of 8.07
Game 160:
I am currently playing against shroobie and lemon squeezy
lemon squeezy set up their Lemonade Stand at Location 0 10 times, Location 1 10 times, Location 2 0 times, Location 3 11 times, Location 4 5 times, Location 5 8 times, Location 6 8 times, Location 7 17 times, Location 8 15 times, Location 9 10 times, Location 10 5 times, and Location 11 1 times.
lemon squeezy got a total utility of 810 and a average utility of 8.1
Game 161:
I am currently playing against shroobie and lemon squeezy
lemon squeezy set up their Lemonade Stand at Location 0 15 times, Location 1 14 times, Location 2 0 times, Location 3 3 times, Location 4 0 times, Location 5 8 times, Location 6 9 times, Location 7 5 times, Location 8 5 times, Location 9 19 times, Location 10 16 times, and Location 11 6 times.
lemon squeezy got a total utility of 649 and a average utility of 6.49
Game 162:
I am currently playing against shroobie and lemon squeezy
lemon squeezy set up their Lemonade Stand at Location 0 13 times, Location 1 17 times, Location 2 0 times, Location 3 3 times, Location 4 7 times, Location 5 5 times, Location 6 7 times, Location 7 12 times, Location 8 14 times, Location 9 10 times, Location 10 9 times, and Location 11 3 times.
lemon squeezy got a total utility of 787 and a average utility of 7.87
Game 163:
I am currently playing against lemon squeezy and random
lemon squeezy set up their Lemonade Stand at Location 0 1 times, Location 1 0 times, Location 2 0 times, Location 3 33 times, Location 4 16 times, Location 5 0 times, Location 6 0 times, Location 7 17 times, Location 8 1 times, Location 9 16 times, Location 10 16 times, and Location 11 0 times.
lemon squeezy got a total utility of 911 and a average utility of 9.11
Game 164:
I am currently playing against lemon squeezy and Ilan
lemon squeezy set up their Lemonade Stand at Location 0 2 times, Location 1 4 times, Location 2 0 times, Location 3 21 times, Location 4 16 times, Location 5 0 times, Location 6 15 times, Location 7 4 times, Location 8 5 times, Location 9 16 times, Location 10 17 times, and Location 11 0 times.
lemon squeezy got a total utility of 962 and a average utility of 9.62
Game 165:
I am currently playing against lemon squeezy and TA -- Decrementing
lemon squeezy set up their Lemonade Stand at Location 0 0 times, Location 1 0 times, Location 2 0 times, Location 3 0 times, Location 4 0 times, Location 5 1 times, Location 6 33 times, Location 7 0 times, Location 8 17 times, Location 9 17 times, Location 10 16 times, and Location 11 16 times.
lemon squeezy got a total utility of 730 and a average utility of 7.3
Game 166:
I am currently playing against lemon squeezy and Ilan
lemon squeezy set up their Lemonade Stand at Location 0 3 times, Location 1 3 times, Location 2 0 times, Location 3 25 times, Location 4 11 times, Location 5 3 times, Location 6 3 times, Location 7 15 times, Location 8 4 times, Location 9 16 times, Location 10 15 times, and Location 11 2 times.
lemon squeezy got a total utility of 775 and a average utility of 7.75
Game 167:
I am currently playing against Ilan and lemon squeezy
lemon squeezy set up their Lemonade Stand at Location 0 47 times, Location 1 0 times, Location 2 0 times, Location 3 2 times, Location 4 0 times, Location 5 1 times, Location 6 24 times, Location 7 0 times, Location 8 23 times, Location 9 2 times, Location 10 1 times, and Location 11 0 times.
lemon squeezy got a total utility of 1040 and a average utility of 10.4
Game 168:
I am currently playing against lemon squeezy and TA -- Decrementing
lemon squeezy set up their Lemonade Stand at Location 0 0 times, Location 1 0 times, Location 2 0 times, Location 3 0 times, Location 4 0 times, Location 5 1 times, Location 6 33 times, Location 7 0 times, Location 8 17 times, Location 9 17 times, Location 10 16 times, and Location 11 16 times.
lemon squeezy got a total utility of 783 and a average utility of 7.83
Traceback (most recent call last):
  File "/ifs/CS/courses/cs1440/ta/agt-server-remastered/src/agt_server/agents/test_agents/lemonade_2025/6634060/submission/lab04-stencil/my_agent.py", line 45, in <module>
    agent_submission.connect(ip=args.ip, port=args.port)
  File "/ifs/CS/courses/cs1440/ta/agt-server-remastered/.venv2/lib/python3.11/site-packages/agt_server/agents/base_agents/agent.py", line 68, in connect
    self.play()
  File "/ifs/CS/courses/cs1440/ta/agt-server-remastered/.venv2/lib/python3.11/site-packages/agt_server/agents/base_agents/lemonade_agent.py", line 126, in play
    self.update()
  File "/ifs/CS/courses/cs1440/ta/agt-server-remastered/src/agt_server/agents/test_agents/lemonade_2025/6634060/submission/lab04-stencil/q_learning.py", line 66, in update
    self.update_rule(my_last_util)
  File "/ifs/CS/courses/cs1440/ta/agt-server-remastered/src/agt_server/agents/test_agents/lemonade_2025/6634060/submission/lab04-stencil/q_learning.py", line 58, in update_rule
    np.max(self.q[self.s_prime]) - self.q[self.s, self.a])
           ~~~~~~^^^^^^^^^^^^^^
IndexError: index 90 is out of bounds for axis 0 with size 81
