My name is AgentRL
We are playing Lemonade Stand
Game 1:
I am currently playing against AgentRL and Worst Agent Ever
AgentRL set up their Lemonade Stand at Location 0 14 times, Location 1 10 times, Location 2 10 times, Location 3 5 times, Location 4 3 times, Location 5 1 times, Location 6 6 times, Location 7 18 times, Location 8 2 times, Location 9 8 times, Location 10 4 times, and Location 11 19 times.
AgentRL got a total utility of 778 and a average utility of 7.78
Game 2:
I am currently playing against Worst Agent Ever and AgentRL
AgentRL set up their Lemonade Stand at Location 0 13 times, Location 1 5 times, Location 2 7 times, Location 3 9 times, Location 4 12 times, Location 5 3 times, Location 6 7 times, Location 7 11 times, Location 8 3 times, Location 9 14 times, Location 10 6 times, and Location 11 10 times.
AgentRL got a total utility of 735 and a average utility of 7.35
Traceback (most recent call last):
  File "/ifs/CS/courses/cs1440/ta/agt-server-remastered/src/agt_server/agents/test_agents/lemonade_2025/6897664/submission/my_agent.py", line 61, in <module>
    agent_submission.connect(ip=args.ip, port=args.port)
  File "/ifs/CS/courses/cs1440/ta/agt-server-remastered/.venv2/lib/python3.11/site-packages/agt_server/agents/base_agents/agent.py", line 68, in connect
    self.play()
  File "/ifs/CS/courses/cs1440/ta/agt-server-remastered/.venv2/lib/python3.11/site-packages/agt_server/agents/base_agents/lemonade_agent.py", line 126, in play
    self.update()
  File "/ifs/CS/courses/cs1440/ta/agt-server-remastered/src/agt_server/agents/test_agents/lemonade_2025/6897664/submission/q_learning.py", line 64, in update
    self.s_prime = self.determine_state()
                   ^^^^^^^^^^^^^^^^^^^^^^
  File "/ifs/CS/courses/cs1440/ta/agt-server-remastered/src/agt_server/agents/test_agents/lemonade_2025/6897664/submission/my_rl_lemonade_agent.py", line 68, in determine_state
    current_tuple = (self.third[t1],self.third[t2],self.third[t3],self.third[t4])
                                                   ~~~~~~~~~~^^^^
KeyError: -1
