The server is hosted at 127.0.0.1 and port 5000
60 seconds remaining
Accepted connection from ('127.0.0.1', 51890) (ac1f6b766980)
TA -- Decrementing has joined the game 

59 seconds remaining
Accepted connection from ('127.0.0.1', 47712) (ac1f6b766980)
TA -- Reserve Agent has joined the game 

58 seconds remaining
Accepted connection from ('127.0.0.1', 47720) (ac1f6b766980)
TA -- Increment has joined the game 

57 seconds remaining
56 seconds remaining
55 seconds remaining
54 seconds remaining
53 seconds remaining
52 seconds remaining
51 seconds remaining
50 seconds remaining
49 seconds remaining
48 seconds remaining
47 seconds remaining
46 seconds remaining
45 seconds remaining
44 seconds remaining
43 seconds remaining
42 seconds remaining
41 seconds remaining
40 seconds remaining
39 seconds remaining
38 seconds remaining
37 seconds remaining
36 seconds remaining
35 seconds remaining
34 seconds remaining
33 seconds remaining
32 seconds remaining
31 seconds remaining
30 seconds remaining
29 seconds remaining
28 seconds remaining
27 seconds remaining
26 seconds remaining
25 seconds remaining
24 seconds remaining
23 seconds remaining
22 seconds remaining
21 seconds remaining
20 seconds remaining
19 seconds remaining
18 seconds remaining
17 seconds remaining
16 seconds remaining
15 seconds remaining
14 seconds remaining
13 seconds remaining
12 seconds remaining
11 seconds remaining
10 seconds remaining
9 seconds remaining
8 seconds remaining
7 seconds remaining
6 seconds remaining
5 seconds remaining
4 seconds remaining
3 seconds remaining
2 seconds remaining
1 seconds remaining
I have 3 agents connected and I am starting the Lemonade Stand game
Extended Results: 
               Agent 1              Agent 2  ... Agent 3 Score               Winner
0  TA -- Decrementing  TA -- Reserve Agent  ...           807  TA -- Reserve Agent
1  TA -- Decrementing  TA -- Reserve Agent  ...           807  TA -- Reserve Agent
2  TA -- Decrementing  TA -- Reserve Agent  ...           807  TA -- Reserve Agent

[3 rows x 7 columns]
            Agent Name  Average Utility  Final Score
1  TA -- Reserve Agent            812.0     8.039604
2      TA -- Increment            807.0     7.990099
0   TA -- Decrementing            805.0     7.970297
Server ran in 60.706223487854004 seconds
